#
# There is insufficient memory for the Java Runtime Environment to continue.
# Native memory allocation (malloc) failed to allocate 1680656 bytes for Chunk::new
# Possible reasons:
#   The system is out of physical RAM or swap space
#   The process is running with CompressedOops enabled, and the Java Heap may be blocking the growth of the native heap
# Possible solutions:
#   Reduce memory load on the system
#   Increase physical memory or swap space
#   Check if swap backing store is full
#   Decrease Java heap size (-Xmx/-Xms)
#   Decrease number of Java threads
#   Decrease Java thread stack sizes (-Xss)
#   Set larger code cache with -XX:ReservedCodeCacheSize=
#   JVM is running with Unscaled Compressed Oops mode in which the Java heap is
#     placed in the first 4GB address space. The Java Heap base address is the
#     maximum limit for the native heap growth. Please use -XX:HeapBaseMinAddress
#     to set the Java Heap base and to place the Java Heap above 4GB virtual address.
# This output file may be truncated or incomplete.
#
#  Out of Memory Error (./src/hotspot/share/memory/arena.cpp:197), pid=5172, tid=7060
#
# JRE version: OpenJDK Runtime Environment (11.0.10) (build 11.0.10+0-b96-7249189)
# Java VM: OpenJDK 64-Bit Server VM (11.0.10+0-b96-7249189, mixed mode, tiered, compressed oops, g1 gc, windows-amd64)
# No core dump will be written. Minidumps are not enabled by default on client versions of Windows
#

---------------  S U M M A R Y ------------

Command Line: --add-opens=java.base/java.util=ALL-UNNAMED --add-opens=java.base/java.lang=ALL-UNNAMED --add-opens=java.base/java.lang.invoke=ALL-UNNAMED --add-opens=java.base/java.util=ALL-UNNAMED --add-opens=java.prefs/java.util.prefs=ALL-UNNAMED --add-opens=java.prefs/java.util.prefs=ALL-UNNAMED --add-opens=java.base/java.nio.charset=ALL-UNNAMED --add-opens=java.base/java.net=ALL-UNNAMED --add-opens=java.base/java.util.concurrent.atomic=ALL-UNNAMED -Xmx2048m -Dfile.encoding=UTF-8 -Duser.country=US -Duser.language=en -Duser.variant org.gradle.launcher.daemon.bootstrap.GradleDaemon 7.0.2

Host: Intel(R) Celeron(R) N4020 CPU @ 1.10GHz, 2 cores, 3G,  Windows 10 , 64 bit Build 22000 (10.0.22000.318)
Time: Tue Nov 23 00:58:55 2021 SE Asia Standard Time elapsed time: 2362.527826 seconds (0d 0h 39m 22s)

---------------  T H R E A D  ---------------

Current thread (0x0000014b453e5800):  JavaThread "C2 CompilerThread0" daemon [_thread_in_native, id=7060, stack(0x0000002981300000,0x0000002981400000)]


Current CompileTask:
C2:2362527 27721       4       org.gradle.launcher.daemon.server.health.gc.GarbageCollectionCheck::run (198 bytes)

Stack: [0x0000002981300000,0x0000002981400000]
Native frames: (J=compiled Java code, j=interpreted, Vv=VM code, C=native code)
V  [jvm.dll+0x5ecfaa]
V  [jvm.dll+0x722bd5]
V  [jvm.dll+0x72412d]
V  [jvm.dll+0x7247e3]
V  [jvm.dll+0x242928]
V  [jvm.dll+0xbc4fc]
V  [jvm.dll+0xbca0c]
V  [jvm.dll+0x352d3b]
V  [jvm.dll+0x320ad3]
V  [jvm.dll+0x31ffca]
V  [jvm.dll+0x1fb602]
V  [jvm.dll+0x1fa7f4]
V  [jvm.dll+0x18354c]
V  [jvm.dll+0x208ee7]
V  [jvm.dll+0x207731]
V  [jvm.dll+0x6eb1cf]
V  [jvm.dll+0x6e3d45]
V  [jvm.dll+0x5ebe96]
C  [ucrtbase.dll+0x26c0c]
C  [KERNEL32.DLL+0x154e0]
C  [ntdll.dll+0x485b]


---------------  P R O C E S S  ---------------

Threads class SMR info:
_java_thread_list=0x0000014b4e239c90, length=44, elements={
0x0000014b2bb1d800, 0x0000014b4537e000, 0x0000014b45383800, 0x0000014b453df800,
0x0000014b453e1000, 0x0000014b453e2800, 0x0000014b453e5800, 0x0000014b453ec800,
0x0000014b453fa800, 0x0000014b45d42000, 0x0000014b47cde000, 0x0000014b460b1000,
0x0000014b460b7800, 0x0000014b460b5000, 0x0000014b460b2000, 0x0000014b460b2800,
0x0000014b460b3800, 0x0000014b460b4000, 0x0000014b469a1000, 0x0000014b4699f800,
0x0000014b469a7800, 0x0000014b469a5000, 0x0000014b4cbe3000, 0x0000014b4cbef800,
0x0000014b4cbe5000, 0x0000014b46999800, 0x0000014b469a8800, 0x0000014b4699d000,
0x0000014b4cbed000, 0x0000014b4cbea800, 0x0000014b4cbe9000, 0x0000014b4cbe7800,
0x0000014b4cbf2000, 0x0000014b4cbf1000, 0x0000014b4cbec000, 0x0000014b4cbf0800,
0x0000014b4cbee000, 0x0000014b4cbee800, 0x0000014b4cbe8000, 0x0000014b4699e800,
0x0000014b4699a800, 0x0000014b4699c000, 0x0000014b469a3800, 0x0000014b469a0800
}

Java Threads: ( => current thread )
  0x0000014b2bb1d800 JavaThread "main" [_thread_blocked, id=12304, stack(0x0000002980700000,0x0000002980800000)]
  0x0000014b4537e000 JavaThread "Reference Handler" daemon [_thread_blocked, id=8908, stack(0x0000002980e00000,0x0000002980f00000)]
  0x0000014b45383800 JavaThread "Finalizer" daemon [_thread_blocked, id=12536, stack(0x0000002980f00000,0x0000002981000000)]
  0x0000014b453df800 JavaThread "Signal Dispatcher" daemon [_thread_blocked, id=12520, stack(0x0000002981000000,0x0000002981100000)]
  0x0000014b453e1000 JavaThread "Attach Listener" daemon [_thread_blocked, id=12500, stack(0x0000002981100000,0x0000002981200000)]
  0x0000014b453e2800 JavaThread "Service Thread" daemon [_thread_blocked, id=7888, stack(0x0000002981200000,0x0000002981300000)]
=>0x0000014b453e5800 JavaThread "C2 CompilerThread0" daemon [_thread_in_native, id=7060, stack(0x0000002981300000,0x0000002981400000)]
  0x0000014b453ec800 JavaThread "C1 CompilerThread0" daemon [_thread_blocked, id=12488, stack(0x0000002981400000,0x0000002981500000)]
  0x0000014b453fa800 JavaThread "Sweeper thread" daemon [_thread_blocked, id=12780, stack(0x0000002981500000,0x0000002981600000)]
  0x0000014b45d42000 JavaThread "Common-Cleaner" daemon [_thread_blocked, id=6852, stack(0x0000002981600000,0x0000002981700000)]
  0x0000014b47cde000 JavaThread "Daemon health stats" [_thread_blocked, id=11688, stack(0x0000002981900000,0x0000002981a00000)]
  0x0000014b460b1000 JavaThread "Cache worker for file hash cache (C:\Users\hp\.gradle\caches\7.0.2\fileHashes)" [_thread_blocked, id=1312, stack(0x0000002982300000,0x0000002982400000)]
  0x0000014b460b7800 JavaThread "File lock request listener" [_thread_in_native, id=11204, stack(0x0000002982400000,0x0000002982500000)]
  0x0000014b460b5000 JavaThread "Cache worker for journal cache (C:\Users\hp\.gradle\caches\journal-1)" [_thread_blocked, id=5540, stack(0x0000002982500000,0x0000002982600000)]
  0x0000014b460b2000 JavaThread "File watcher server" daemon [_thread_blocked, id=12460, stack(0x0000002982700000,0x0000002982800000)]
  0x0000014b460b2800 JavaThread "File watcher consumer" daemon [_thread_blocked, id=7596, stack(0x0000002982800000,0x0000002982900000)]
  0x0000014b460b3800 JavaThread "jar transforms" [_thread_blocked, id=9592, stack(0x0000002982900000,0x0000002982a00000)]
  0x0000014b460b4000 JavaThread "jar transforms Thread 2" [_thread_blocked, id=2052, stack(0x0000002982a00000,0x0000002982b00000)]
  0x0000014b469a1000 JavaThread "Cache worker for execution history cache (C:\Users\hp\.gradle\caches\7.0.2\executionHistory)" [_thread_blocked, id=11128, stack(0x0000002982e00000,0x0000002982f00000)]
  0x0000014b4699f800 JavaThread "Cache worker for file content cache (C:\Users\hp\.gradle\caches\7.0.2\fileContent)" [_thread_blocked, id=10976, stack(0x0000002982f00000,0x0000002983000000)]
  0x0000014b469a7800 JavaThread "Memory manager" [_thread_blocked, id=12792, stack(0x0000002980600000,0x0000002980700000)]
  0x0000014b469a5000 JavaThread "pool-3-thread-1" [_thread_blocked, id=9292, stack(0x0000002982100000,0x0000002982200000)]
  0x0000014b4cbe3000 JavaThread "pool-6-thread-1" [_thread_blocked, id=5892, stack(0x0000002983300000,0x0000002983400000)]
  0x0000014b4cbef800 JavaThread "pool-9-thread-1" [_thread_blocked, id=9840, stack(0x0000002983400000,0x0000002983500000)]
  0x0000014b4cbe5000 JavaThread "pool-12-thread-1" [_thread_blocked, id=11220, stack(0x0000002983600000,0x0000002983700000)]
  0x0000014b46999800 JavaThread "pool-15-thread-1" [_thread_blocked, id=3272, stack(0x0000002983800000,0x0000002983900000)]
  0x0000014b469a8800 JavaThread "Cache worker for Java compile cache (C:\Users\hp\.gradle\caches\7.0.2\javaCompile)" [_thread_blocked, id=4880, stack(0x0000002983c00000,0x0000002983d00000)]
  0x0000014b4699d000 JavaThread "ForkJoinPool.commonPool-worker-3" daemon [_thread_blocked, id=12448, stack(0x0000002981f00000,0x0000002982000000)]
  0x0000014b4cbed000 JavaThread "pool-19-thread-1" [_thread_blocked, id=2632, stack(0x0000002983900000,0x0000002983a00000)]
  0x0000014b4cbea800 JavaThread "Daemon worker Thread 6" [_thread_blocked, id=3512, stack(0x0000002981d00000,0x0000002981e00000)]
  0x0000014b4cbe9000 JavaThread "Cache worker for file hash cache (E:\AndroidStudioProjects\RetroVolley2\.gradle\7.0.2\fileHashes)" [_thread_blocked, id=12728, stack(0x0000002982600000,0x0000002982700000)]
  0x0000014b4cbe7800 JavaThread "Cache worker for checksums cache (E:\AndroidStudioProjects\RetroVolley2\.gradle\checksums)" [_thread_blocked, id=12260, stack(0x0000002982b00000,0x0000002982c00000)]
  0x0000014b4cbf2000 JavaThread "Cache worker for cache directory md-supplier (C:\Users\hp\.gradle\caches\7.0.2\md-supplier)" [_thread_blocked, id=8284, stack(0x0000002982c00000,0x0000002982d00000)]
  0x0000014b4cbf1000 JavaThread "Cache worker for cache directory md-rule (C:\Users\hp\.gradle\caches\7.0.2\md-rule)" [_thread_blocked, id=3012, stack(0x0000002982d00000,0x0000002982e00000)]
  0x0000014b4cbec000 JavaThread "Cache worker for dependencies-accessors (E:\AndroidStudioProjects\RetroVolley2\.gradle\7.0.2\dependencies-accessors)" [_thread_blocked, id=1504, stack(0x0000002983000000,0x0000002983100000)]
  0x0000014b4cbf0800 JavaThread "Cache worker for Build Output Cleanup Cache (E:\AndroidStudioProjects\RetroVolley2\.gradle\buildOutputCleanup)" [_thread_blocked, id=4816, stack(0x0000002983100000,0x0000002983200000)]
  0x0000014b4cbee000 JavaThread "Build operations" [_thread_blocked, id=9504, stack(0x0000002983200000,0x0000002983300000)]
  0x0000014b4cbee800 JavaThread "Build operations Thread 2" [_thread_blocked, id=1332, stack(0x0000002983500000,0x0000002983600000)]
  0x0000014b4cbe8000 JavaThread "build event listener" [_thread_blocked, id=11216, stack(0x0000002982000000,0x0000002982100000)]
  0x0000014b4699e800 JavaThread "pool-22-thread-1" [_thread_blocked, id=1640, stack(0x0000002983700000,0x0000002983800000)]
  0x0000014b4699a800 JavaThread "build event listener" [_thread_blocked, id=7496, stack(0x0000002983a00000,0x0000002983b00000)]
  0x0000014b4699c000 JavaThread "Cache worker for execution history cache (E:\AndroidStudioProjects\RetroVolley2\.gradle\7.0.2\executionHistory)" [_thread_blocked, id=13212, stack(0x0000002983d00000,0x0000002983e00000)]
  0x0000014b469a3800 JavaThread "WorkerExecutor Queue" [_thread_blocked, id=10232, stack(0x0000002981a00000,0x0000002981b00000)]
  0x0000014b469a0800 JavaThread "Logging-Cleaner" [_thread_blocked, id=11828, stack(0x0000002980400000,0x0000002980500000)]

Other Threads:
  0x0000014b4537b000 VMThread "VM Thread" [stack: 0x0000002980d00000,0x0000002980e00000] [id=12592] _threads_hazard_ptr=0x0000014b4e239c90
  0x0000014b2bb35800 GCTaskThread "GC Thread#0" [stack: 0x0000002980800000,0x0000002980900000] [id=12232]
  0x0000014b45ee5800 GCTaskThread "GC Thread#1" [stack: 0x0000002981800000,0x0000002981900000] [id=12888]
  0x0000014b2bb68000 ConcurrentGCThread "G1 Main Marker" [stack: 0x0000002980900000,0x0000002980a00000] [id=10772]
  0x0000014b2bb69000 ConcurrentGCThread "G1 Conc#0" [stack: 0x0000002980a00000,0x0000002980b00000] [id=3376]
  0x0000014b2bbba800 ConcurrentGCThread "G1 Refine#0" [stack: 0x0000002980b00000,0x0000002980c00000] [id=744]
  0x0000014b2bbbd000 ConcurrentGCThread "G1 Young RemSet Sampling" [stack: 0x0000002980c00000,0x0000002980d00000] [id=2720]

Threads with active compile tasks:
C2 CompilerThread02373895 27721       4       org.gradle.launcher.daemon.server.health.gc.GarbageCollectionCheck::run (198 bytes)

VM state:at safepoint (normal execution)

VM Mutex/Monitor currently owned by a thread:  ([mutex/lock_event])
[0x0000014b2bb1c160] Threads_lock - owner thread: 0x0000014b4537b000

OutOfMemory and StackOverflow Exception counts:
OutOfMemoryError java_heap_errors=1
LinkageErrors=239

Heap address: 0x0000000080000000, size: 2048 MB, Compressed Oops mode: 32-bit
Narrow klass base: 0x0000000000000000, Narrow klass shift: 3
Compressed class space size: 1073741824 Address: 0x0000000100000000

Heap:
 garbage-first heap   total 402432K, used 188151K [0x0000000080000000, 0x0000000100000000)
  region size 1024K, 4 young (4096K), 1 survivors (1024K)
 Metaspace       used 147179K, capacity 151795K, committed 152064K, reserved 1181696K
  class space    used 18197K, capacity 19924K, committed 19968K, reserved 1048576K
Heap Regions: E=young(eden), S=young(survivor), O=old, HS=humongous(starts), HC=humongous(continues), CS=collection set, F=free, A=archive, TAMS=top-at-mark-start (previous, next)
|   0|0x0000000080000000, 0x0000000080100000, 0x0000000080100000|100%| O|  |TAMS 0x0000000080100000, 0x0000000080000000| Untracked 
|   1|0x0000000080100000, 0x0000000080200000, 0x0000000080200000|100%| O|  |TAMS 0x0000000080200000, 0x0000000080100000| Complete 
|   2|0x0000000080200000, 0x0000000080300000, 0x0000000080300000|100%| O|  |TAMS 0x0000000080300000, 0x0000000080200000| Untracked 
|   3|0x0000000080300000, 0x0000000080400000, 0x0000000080400000|100%| O|  |TAMS 0x0000000080400000, 0x0000000080300000| Untracked 
|   4|0x0000000080400000, 0x0000000080500000, 0x0000000080500000|100%|HS|  |TAMS 0x0000000080500000, 0x0000000080400000| Complete 
|   5|0x0000000080500000, 0x0000000080600000, 0x0000000080600000|100%|HC|  |TAMS 0x0000000080600000, 0x0000000080500000| Complete 
|   6|0x0000000080600000, 0x0000000080700000, 0x0000000080700000|100%|HC|  |TAMS 0x0000000080700000, 0x0000000080600000| Complete 
|   7|0x0000000080700000, 0x0000000080800000, 0x0000000080800000|100%| O|  |TAMS 0x0000000080800000, 0x0000000080700000| Untracked 
|   8|0x0000000080800000, 0x0000000080900000, 0x0000000080900000|100%| O|  |TAMS 0x0000000080900000, 0x0000000080800000| Untracked 
|   9|0x0000000080900000, 0x0000000080a00000, 0x0000000080a00000|100%| O|  |TAMS 0x0000000080a00000, 0x0000000080900000| Untracked 
|  10|0x0000000080a00000, 0x0000000080b00000, 0x0000000080b00000|100%| O|  |TAMS 0x0000000080b00000, 0x0000000080a00000| Untracked 
|  11|0x0000000080b00000, 0x0000000080c00000, 0x0000000080c00000|100%| O|  |TAMS 0x0000000080c00000, 0x0000000080b00000| Untracked 
|  12|0x0000000080c00000, 0x0000000080d00000, 0x0000000080d00000|100%| O|  |TAMS 0x0000000080d00000, 0x0000000080c00000| Untracked 
|  13|0x0000000080d00000, 0x0000000080e00000, 0x0000000080e00000|100%| O|  |TAMS 0x0000000080e00000, 0x0000000080d00000| Complete 
|  14|0x0000000080e00000, 0x0000000080f00000, 0x0000000080f00000|100%| O|  |TAMS 0x0000000080f00000, 0x0000000080e00000| Untracked 
|  15|0x0000000080f00000, 0x0000000081000000, 0x0000000081000000|100%| O|  |TAMS 0x0000000081000000, 0x0000000080f00000| Untracked 
|  16|0x0000000081000000, 0x0000000081100000, 0x0000000081100000|100%|HS|  |TAMS 0x0000000081100000, 0x0000000081000000| Complete 
|  17|0x0000000081100000, 0x0000000081200000, 0x0000000081200000|100%|HC|  |TAMS 0x0000000081200000, 0x0000000081100000| Complete 
|  18|0x0000000081200000, 0x0000000081300000, 0x0000000081300000|100%| O|  |TAMS 0x0000000081300000, 0x0000000081200000| Untracked 
|  19|0x0000000081300000, 0x0000000081400000, 0x0000000081400000|100%|HS|  |TAMS 0x0000000081400000, 0x0000000081300000| Complete 
|  20|0x0000000081400000, 0x0000000081500000, 0x0000000081500000|100%|HC|  |TAMS 0x0000000081500000, 0x0000000081400000| Complete 
|  21|0x0000000081500000, 0x0000000081600000, 0x0000000081600000|100%|HC|  |TAMS 0x0000000081600000, 0x0000000081500000| Complete 
|  22|0x0000000081600000, 0x0000000081700000, 0x0000000081700000|100%|HS|  |TAMS 0x0000000081700000, 0x0000000081600000| Complete 
|  23|0x0000000081700000, 0x0000000081800000, 0x0000000081800000|100%|HC|  |TAMS 0x0000000081800000, 0x0000000081700000| Complete 
|  24|0x0000000081800000, 0x0000000081900000, 0x0000000081900000|100%|HC|  |TAMS 0x0000000081900000, 0x0000000081800000| Complete 
|  25|0x0000000081900000, 0x0000000081a00000, 0x0000000081a00000|100%|HC|  |TAMS 0x0000000081a00000, 0x0000000081900000| Complete 
|  26|0x0000000081a00000, 0x0000000081b00000, 0x0000000081b00000|100%|HC|  |TAMS 0x0000000081b00000, 0x0000000081a00000| Complete 
|  27|0x0000000081b00000, 0x0000000081c00000, 0x0000000081c00000|100%| O|  |TAMS 0x0000000081c00000, 0x0000000081b00000| Complete 
|  28|0x0000000081c00000, 0x0000000081d00000, 0x0000000081d00000|100%| O|  |TAMS 0x0000000081d00000, 0x0000000081c00000| Untracked 
|  29|0x0000000081d00000, 0x0000000081e00000, 0x0000000081e00000|100%| O|  |TAMS 0x0000000081e00000, 0x0000000081d00000| Untracked 
|  30|0x0000000081e00000, 0x0000000081f00000, 0x0000000081f00000|100%| O|  |TAMS 0x0000000081f00000, 0x0000000081e00000| Untracked 
|  31|0x0000000081f00000, 0x0000000082000000, 0x0000000082000000|100%| O|  |TAMS 0x0000000082000000, 0x0000000081f00000| Complete 
|  32|0x0000000082000000, 0x0000000082100000, 0x0000000082100000|100%| O|  |TAMS 0x0000000082100000, 0x0000000082000000| Untracked 
|  33|0x0000000082100000, 0x0000000082200000, 0x0000000082200000|100%| O|  |TAMS 0x0000000082200000, 0x0000000082100000| Untracked 
|  34|0x0000000082200000, 0x0000000082300000, 0x0000000082300000|100%| O|  |TAMS 0x0000000082300000, 0x0000000082200000| Untracked 
|  35|0x0000000082300000, 0x0000000082400000, 0x0000000082400000|100%| O|  |TAMS 0x0000000082400000, 0x0000000082300000| Complete 
|  36|0x0000000082400000, 0x0000000082500000, 0x0000000082500000|100%| O|  |TAMS 0x0000000082500000, 0x0000000082400000| Untracked 
|  37|0x0000000082500000, 0x0000000082600000, 0x0000000082600000|100%| O|  |TAMS 0x0000000082600000, 0x0000000082500000| Untracked 
|  38|0x0000000082600000, 0x0000000082700000, 0x0000000082700000|100%|HS|  |TAMS 0x0000000082700000, 0x0000000082600000| Complete 
|  39|0x0000000082700000, 0x0000000082800000, 0x0000000082800000|100%|HC|  |TAMS 0x0000000082800000, 0x0000000082700000| Complete 
|  40|0x0000000082800000, 0x0000000082900000, 0x0000000082900000|100%|HC|  |TAMS 0x0000000082900000, 0x0000000082800000| Complete 
|  41|0x0000000082900000, 0x0000000082a00000, 0x0000000082a00000|100%|HC|  |TAMS 0x0000000082a00000, 0x0000000082900000| Complete 
|  42|0x0000000082a00000, 0x0000000082b00000, 0x0000000082b00000|100%|HC|  |TAMS 0x0000000082b00000, 0x0000000082a00000| Complete 
|  43|0x0000000082b00000, 0x0000000082c00000, 0x0000000082c00000|100%|HS|  |TAMS 0x0000000082c00000, 0x0000000082b00000| Complete 
|  44|0x0000000082c00000, 0x0000000082d00000, 0x0000000082d00000|100%|HC|  |TAMS 0x0000000082d00000, 0x0000000082c00000| Complete 
|  45|0x0000000082d00000, 0x0000000082e00000, 0x0000000082e00000|100%|HC|  |TAMS 0x0000000082e00000, 0x0000000082d00000| Complete 
|  46|0x0000000082e00000, 0x0000000082f00000, 0x0000000082f00000|100%| O|  |TAMS 0x0000000082f00000, 0x0000000082e00000| Untracked 
|  47|0x0000000082f00000, 0x0000000083000000, 0x0000000083000000|100%| O|  |TAMS 0x0000000083000000, 0x0000000082f00000| Untracked 
|  48|0x0000000083000000, 0x0000000083100000, 0x0000000083100000|100%| O|  |TAMS 0x0000000083100000, 0x0000000083000000| Untracked 
|  49|0x0000000083100000, 0x0000000083200000, 0x0000000083200000|100%| O|  |TAMS 0x0000000083200000, 0x0000000083100000| Untracked 
|  50|0x0000000083200000, 0x0000000083300000, 0x0000000083300000|100%| O|  |TAMS 0x0000000083300000, 0x0000000083200000| Complete 
|  51|0x0000000083300000, 0x0000000083400000, 0x0000000083400000|100%| O|  |TAMS 0x0000000083400000, 0x0000000083300000| Untracked 
|  52|0x0000000083400000, 0x0000000083500000, 0x0000000083500000|100%| O|  |TAMS 0x0000000083500000, 0x0000000083400000| Untracked 
|  53|0x0000000083500000, 0x0000000083600000, 0x0000000083600000|100%| O|  |TAMS 0x0000000083600000, 0x0000000083500000| Complete 
|  54|0x0000000083600000, 0x0000000083700000, 0x0000000083700000|100%| O|  |TAMS 0x0000000083700000, 0x0000000083600000| Complete 
|  55|0x0000000083700000, 0x0000000083800000, 0x0000000083800000|100%|HS|  |TAMS 0x0000000083800000, 0x0000000083700000| Complete 
|  56|0x0000000083800000, 0x0000000083900000, 0x0000000083900000|100%| O|  |TAMS 0x0000000083900000, 0x0000000083800000| Untracked 
|  57|0x0000000083900000, 0x0000000083a00000, 0x0000000083a00000|100%|HS|  |TAMS 0x0000000083a00000, 0x0000000083900000| Complete 
|  58|0x0000000083a00000, 0x0000000083b00000, 0x0000000083b00000|100%| O|  |TAMS 0x0000000083b00000, 0x0000000083a00000| Untracked 
|  59|0x0000000083b00000, 0x0000000083c00000, 0x0000000083c00000|100%| O|  |TAMS 0x0000000083c00000, 0x0000000083b00000| Untracked 
|  60|0x0000000083c00000, 0x0000000083d00000, 0x0000000083d00000|100%| O|  |TAMS 0x0000000083d00000, 0x0000000083c00000| Untracked 
|  61|0x0000000083d00000, 0x0000000083e00000, 0x0000000083e00000|100%|HS|  |TAMS 0x0000000083e00000, 0x0000000083d00000| Complete 
|  62|0x0000000083e00000, 0x0000000083f00000, 0x0000000083f00000|100%|HC|  |TAMS 0x0000000083f00000, 0x0000000083e00000| Complete 
|  63|0x0000000083f00000, 0x0000000084000000, 0x0000000084000000|100%| O|  |TAMS 0x0000000084000000, 0x0000000083f00000| Untracked 
|  64|0x0000000084000000, 0x0000000084100000, 0x0000000084100000|100%| O|  |TAMS 0x0000000084100000, 0x0000000084000000| Complete 
|  65|0x0000000084100000, 0x0000000084200000, 0x0000000084200000|100%| O|  |TAMS 0x0000000084200000, 0x0000000084100000| Untracked 
|  66|0x0000000084200000, 0x0000000084300000, 0x0000000084300000|100%| O|  |TAMS 0x0000000084300000, 0x0000000084200000| Complete 
|  67|0x0000000084300000, 0x0000000084400000, 0x0000000084400000|100%| O|  |TAMS 0x0000000084400000, 0x0000000084300000| Complete 
|  68|0x0000000084400000, 0x0000000084500000, 0x0000000084500000|100%| O|  |TAMS 0x0000000084500000, 0x0000000084400000| Untracked 
|  69|0x0000000084500000, 0x0000000084600000, 0x0000000084600000|100%| O|  |TAMS 0x0000000084600000, 0x0000000084500000| Untracked 
|  70|0x0000000084600000, 0x0000000084700000, 0x0000000084700000|100%| O|  |TAMS 0x0000000084700000, 0x0000000084600000| Complete 
|  71|0x0000000084700000, 0x0000000084800000, 0x0000000084800000|100%| O|  |TAMS 0x0000000084800000, 0x0000000084700000| Untracked 
|  72|0x0000000084800000, 0x0000000084900000, 0x0000000084900000|100%| O|  |TAMS 0x0000000084900000, 0x0000000084800000| Complete 
|  73|0x0000000084900000, 0x0000000084a00000, 0x0000000084a00000|100%| O|  |TAMS 0x0000000084a00000, 0x0000000084900000| Untracked 
|  74|0x0000000084a00000, 0x0000000084b00000, 0x0000000084b00000|100%| O|  |TAMS 0x0000000084b00000, 0x0000000084a00000| Complete 
|  75|0x0000000084b00000, 0x0000000084c00000, 0x0000000084c00000|100%| O|  |TAMS 0x0000000084c00000, 0x0000000084b00000| Untracked 
|  76|0x0000000084c00000, 0x0000000084d00000, 0x0000000084d00000|100%| O|  |TAMS 0x0000000084d00000, 0x0000000084c00000| Untracked 
|  77|0x0000000084d00000, 0x0000000084e00000, 0x0000000084e00000|100%| O|  |TAMS 0x0000000084e00000, 0x0000000084d00000| Complete 
|  78|0x0000000084e00000, 0x0000000084f00000, 0x0000000084f00000|100%| O|  |TAMS 0x0000000084f00000, 0x0000000084e00000| Complete 
|  79|0x0000000084f00000, 0x0000000085000000, 0x0000000085000000|100%| O|  |TAMS 0x0000000085000000, 0x0000000084f00000| Complete 
|  80|0x0000000085000000, 0x0000000085100000, 0x0000000085100000|100%| O|  |TAMS 0x0000000085100000, 0x0000000085000000| Complete 
|  81|0x0000000085100000, 0x0000000085200000, 0x0000000085200000|100%| O|  |TAMS 0x0000000085200000, 0x0000000085100000| Untracked 
|  82|0x0000000085200000, 0x0000000085300000, 0x0000000085300000|100%| O|  |TAMS 0x0000000085300000, 0x0000000085200000| Untracked 
|  83|0x0000000085300000, 0x0000000085400000, 0x0000000085400000|100%| O|  |TAMS 0x0000000085400000, 0x0000000085300000| Complete 
|  84|0x0000000085400000, 0x0000000085500000, 0x0000000085500000|100%| O|  |TAMS 0x0000000085500000, 0x0000000085400000| Untracked 
|  85|0x0000000085500000, 0x0000000085600000, 0x0000000085600000|100%| O|  |TAMS 0x0000000085600000, 0x0000000085500000| Untracked 
|  86|0x0000000085600000, 0x0000000085700000, 0x0000000085700000|100%| O|  |TAMS 0x0000000085700000, 0x0000000085600000| Untracked 
|  87|0x0000000085700000, 0x0000000085800000, 0x0000000085800000|100%| O|  |TAMS 0x0000000085800000, 0x0000000085700000| Untracked 
|  88|0x0000000085800000, 0x0000000085900000, 0x0000000085900000|100%| O|  |TAMS 0x0000000085900000, 0x0000000085800000| Untracked 
|  89|0x0000000085900000, 0x0000000085a00000, 0x0000000085a00000|100%| O|  |TAMS 0x0000000085a00000, 0x0000000085900000| Complete 
|  90|0x0000000085a00000, 0x0000000085b00000, 0x0000000085b00000|100%| O|  |TAMS 0x0000000085b00000, 0x0000000085a00000| Untracked 
|  91|0x0000000085b00000, 0x0000000085c00000, 0x0000000085c00000|100%| O|  |TAMS 0x0000000085c00000, 0x0000000085b00000| Untracked 
|  92|0x0000000085c00000, 0x0000000085d00000, 0x0000000085d00000|100%| O|  |TAMS 0x0000000085d00000, 0x0000000085c00000| Complete 
|  93|0x0000000085d00000, 0x0000000085e00000, 0x0000000085e00000|100%| O|  |TAMS 0x0000000085e00000, 0x0000000085d00000| Complete 
|  94|0x0000000085e00000, 0x0000000085f00000, 0x0000000085f00000|100%| O|  |TAMS 0x0000000085f00000, 0x0000000085e00000| Untracked 
|  95|0x0000000085f00000, 0x0000000086000000, 0x0000000086000000|100%| O|  |TAMS 0x0000000086000000, 0x0000000085f00000| Complete 
|  96|0x0000000086000000, 0x0000000086100000, 0x0000000086100000|100%| O|  |TAMS 0x0000000086100000, 0x0000000086000000| Untracked 
|  97|0x0000000086100000, 0x0000000086200000, 0x0000000086200000|100%| O|  |TAMS 0x0000000086200000, 0x0000000086100000| Untracked 
|  98|0x0000000086200000, 0x0000000086300000, 0x0000000086300000|100%| O|  |TAMS 0x0000000086300000, 0x0000000086200000| Untracked 
|  99|0x0000000086300000, 0x0000000086400000, 0x0000000086400000|100%| O|  |TAMS 0x0000000086400000, 0x0000000086300000| Untracked 
| 100|0x0000000086400000, 0x0000000086500000, 0x0000000086500000|100%| O|  |TAMS 0x0000000086500000, 0x0000000086400000| Untracked 
| 101|0x0000000086500000, 0x0000000086600000, 0x0000000086600000|100%| O|  |TAMS 0x0000000086600000, 0x0000000086500000| Untracked 
| 102|0x0000000086600000, 0x0000000086700000, 0x0000000086700000|100%| O|  |TAMS 0x0000000086700000, 0x0000000086600000| Untracked 
| 103|0x0000000086700000, 0x0000000086800000, 0x0000000086800000|100%| O|  |TAMS 0x0000000086800000, 0x0000000086700000| Complete 
| 104|0x0000000086800000, 0x0000000086900000, 0x0000000086900000|100%| O|  |TAMS 0x0000000086900000, 0x0000000086800000| Complete 
| 105|0x0000000086900000, 0x0000000086a00000, 0x0000000086a00000|100%| O|  |TAMS 0x0000000086a00000, 0x0000000086900000| Complete 
| 106|0x0000000086a00000, 0x0000000086b00000, 0x0000000086b00000|100%| O|  |TAMS 0x0000000086b00000, 0x0000000086a00000| Complete 
| 107|0x0000000086b00000, 0x0000000086c00000, 0x0000000086c00000|100%| O|  |TAMS 0x0000000086c00000, 0x0000000086b00000| Complete 
| 108|0x0000000086c00000, 0x0000000086d00000, 0x0000000086d00000|100%| O|  |TAMS 0x0000000086d00000, 0x0000000086c00000| Untracked 
| 109|0x0000000086d00000, 0x0000000086e00000, 0x0000000086e00000|100%| O|  |TAMS 0x0000000086e00000, 0x0000000086d00000| Untracked 
| 110|0x0000000086e00000, 0x0000000086f00000, 0x0000000086f00000|100%| O|  |TAMS 0x0000000086f00000, 0x0000000086e00000| Untracked 
| 111|0x0000000086f00000, 0x0000000087000000, 0x0000000087000000|100%| O|  |TAMS 0x0000000087000000, 0x0000000086f00000| Complete 
| 112|0x0000000087000000, 0x0000000087100000, 0x0000000087100000|100%| O|  |TAMS 0x0000000087100000, 0x0000000087000000| Complete 
| 113|0x0000000087100000, 0x0000000087200000, 0x0000000087200000|100%| O|  |TAMS 0x0000000087200000, 0x0000000087100000| Complete 
| 114|0x0000000087200000, 0x0000000087300000, 0x0000000087300000|100%| O|  |TAMS 0x0000000087300000, 0x0000000087200000| Complete 
| 115|0x0000000087300000, 0x0000000087400000, 0x0000000087400000|100%| O|  |TAMS 0x0000000087400000, 0x0000000087300000| Complete 
| 116|0x0000000087400000, 0x0000000087500000, 0x0000000087500000|100%| O|  |TAMS 0x0000000087400000, 0x0000000087400000| Untracked 
| 117|0x0000000087500000, 0x0000000087600000, 0x0000000087600000|100%| O|  |TAMS 0x0000000087500000, 0x0000000087500000| Untracked 
| 118|0x0000000087600000, 0x0000000087700000, 0x0000000087700000|100%| O|  |TAMS 0x0000000087700000, 0x0000000087600000| Complete 
| 119|0x0000000087700000, 0x0000000087800000, 0x0000000087800000|100%| O|  |TAMS 0x0000000087700000, 0x0000000087700000| Untracked 
| 120|0x0000000087800000, 0x0000000087900000, 0x0000000087900000|100%| O|  |TAMS 0x0000000087900000, 0x0000000087800000| Complete 
| 121|0x0000000087900000, 0x0000000087900000, 0x0000000087a00000|  0%| F|  |TAMS 0x0000000087900000, 0x0000000087900000| Untracked 
| 122|0x0000000087a00000, 0x0000000087b00000, 0x0000000087b00000|100%| O|  |TAMS 0x0000000087a00000, 0x0000000087a00000| Untracked 
| 123|0x0000000087b00000, 0x0000000087c00000, 0x0000000087c00000|100%| O|  |TAMS 0x0000000087c00000, 0x0000000087b00000| Complete 
| 124|0x0000000087c00000, 0x0000000087d00000, 0x0000000087d00000|100%| O|  |TAMS 0x0000000087d00000, 0x0000000087c00000| Complete 
| 125|0x0000000087d00000, 0x0000000087d00000, 0x0000000087e00000|  0%| F|  |TAMS 0x0000000087d00000, 0x0000000087d00000| Untracked 
| 126|0x0000000087e00000, 0x0000000087e00000, 0x0000000087f00000|  0%| F|  |TAMS 0x0000000087e00000, 0x0000000087e00000| Untracked 
| 127|0x0000000087f00000, 0x0000000088000000, 0x0000000088000000|100%| O|  |TAMS 0x0000000088000000, 0x0000000087f00000| Complete 
| 128|0x0000000088000000, 0x0000000088100000, 0x0000000088100000|100%| O|  |TAMS 0x0000000088100000, 0x0000000088000000| Complete 
| 129|0x0000000088100000, 0x0000000088200000, 0x0000000088200000|100%| O|  |TAMS 0x0000000088100000, 0x0000000088100000| Untracked 
| 130|0x0000000088200000, 0x0000000088300000, 0x0000000088300000|100%| O|  |TAMS 0x0000000088300000, 0x0000000088200000| Complete 
| 131|0x0000000088300000, 0x0000000088400000, 0x0000000088400000|100%| O|  |TAMS 0x0000000088400000, 0x0000000088300000| Untracked 
| 132|0x0000000088400000, 0x0000000088500000, 0x0000000088500000|100%| O|  |TAMS 0x0000000088500000, 0x0000000088400000| Untracked 
| 133|0x0000000088500000, 0x0000000088600000, 0x0000000088600000|100%| O|  |TAMS 0x0000000088600000, 0x0000000088500000| Complete 
| 134|0x0000000088600000, 0x0000000088700000, 0x0000000088700000|100%| O|  |TAMS 0x0000000088600000, 0x0000000088600000| Untracked 
| 135|0x0000000088700000, 0x0000000088800000, 0x0000000088800000|100%| O|  |TAMS 0x0000000088700000, 0x0000000088700000| Untracked 
| 136|0x0000000088800000, 0x0000000088900000, 0x0000000088900000|100%| O|  |TAMS 0x0000000088900000, 0x0000000088800000| Complete 
| 137|0x0000000088900000, 0x0000000088a00000, 0x0000000088a00000|100%| O|  |TAMS 0x0000000088a00000, 0x0000000088900000| Complete 
| 138|0x0000000088a00000, 0x0000000088b00000, 0x0000000088b00000|100%| O|  |TAMS 0x0000000088a00000, 0x0000000088a00000| Untracked 
| 139|0x0000000088b00000, 0x0000000088c00000, 0x0000000088c00000|100%| O|  |TAMS 0x0000000088c00000, 0x0000000088b00000| Complete 
| 140|0x0000000088c00000, 0x0000000088c00000, 0x0000000088d00000|  0%| F|  |TAMS 0x0000000088c00000, 0x0000000088c00000| Untracked 
| 141|0x0000000088d00000, 0x0000000088e00000, 0x0000000088e00000|100%| O|  |TAMS 0x0000000088e00000, 0x0000000088d00000| Complete 
| 142|0x0000000088e00000, 0x0000000088f00000, 0x0000000088f00000|100%| O|  |TAMS 0x0000000088f00000, 0x0000000088e00000| Complete 
| 143|0x0000000088f00000, 0x0000000088f00000, 0x0000000089000000|  0%| F|  |TAMS 0x0000000088f00000, 0x0000000088f00000| Untracked 
| 144|0x0000000089000000, 0x0000000089100000, 0x0000000089100000|100%| O|  |TAMS 0x0000000089100000, 0x0000000089000000| Complete 
| 145|0x0000000089100000, 0x00000000891be000, 0x0000000089200000| 74%| O|  |TAMS 0x0000000089100000, 0x0000000089100000| Untracked 
| 146|0x0000000089200000, 0x0000000089300000, 0x0000000089300000|100%| O|  |TAMS 0x0000000089300000, 0x0000000089200000| Complete 
| 147|0x0000000089300000, 0x0000000089400000, 0x0000000089400000|100%| O|  |TAMS 0x0000000089400000, 0x0000000089300000| Complete 
| 148|0x0000000089400000, 0x0000000089500000, 0x0000000089500000|100%| O|  |TAMS 0x0000000089500000, 0x0000000089400000| Complete 
| 149|0x0000000089500000, 0x0000000089600000, 0x0000000089600000|100%| O|  |TAMS 0x0000000089600000, 0x0000000089500000| Complete 
| 150|0x0000000089600000, 0x0000000089600000, 0x0000000089700000|  0%| F|  |TAMS 0x0000000089600000, 0x0000000089600000| Untracked 
| 151|0x0000000089700000, 0x0000000089700000, 0x0000000089800000|  0%| F|  |TAMS 0x0000000089700000, 0x0000000089700000| Untracked 
| 152|0x0000000089800000, 0x0000000089800000, 0x0000000089900000|  0%| F|  |TAMS 0x0000000089800000, 0x0000000089800000| Untracked 
| 153|0x0000000089900000, 0x0000000089900000, 0x0000000089a00000|  0%| F|  |TAMS 0x0000000089900000, 0x0000000089900000| Untracked 
| 154|0x0000000089a00000, 0x0000000089a00000, 0x0000000089b00000|  0%| F|  |TAMS 0x0000000089a00000, 0x0000000089a00000| Untracked 
| 155|0x0000000089b00000, 0x0000000089b00000, 0x0000000089c00000|  0%| F|  |TAMS 0x0000000089b00000, 0x0000000089b00000| Untracked 
| 156|0x0000000089c00000, 0x0000000089c00000, 0x0000000089d00000|  0%| F|  |TAMS 0x0000000089c00000, 0x0000000089c00000| Untracked 
| 157|0x0000000089d00000, 0x0000000089e00000, 0x0000000089e00000|100%| O|  |TAMS 0x0000000089e00000, 0x0000000089d00000| Untracked 
| 158|0x0000000089e00000, 0x0000000089f00000, 0x0000000089f00000|100%| O|  |TAMS 0x0000000089f00000, 0x0000000089e00000| Untracked 
| 159|0x0000000089f00000, 0x000000008a000000, 0x000000008a000000|100%| O|  |TAMS 0x000000008a000000, 0x0000000089f00000| Untracked 
| 160|0x000000008a000000, 0x000000008a100000, 0x000000008a100000|100%| O|  |TAMS 0x000000008a100000, 0x000000008a000000| Untracked 
| 161|0x000000008a100000, 0x000000008a200000, 0x000000008a200000|100%| O|  |TAMS 0x000000008a200000, 0x000000008a100000| Untracked 
| 162|0x000000008a200000, 0x000000008a300000, 0x000000008a300000|100%| O|  |TAMS 0x000000008a300000, 0x000000008a200000| Untracked 
| 163|0x000000008a300000, 0x000000008a400000, 0x000000008a400000|100%| O|  |TAMS 0x000000008a400000, 0x000000008a300000| Untracked 
| 164|0x000000008a400000, 0x000000008a500000, 0x000000008a500000|100%| O|  |TAMS 0x000000008a500000, 0x000000008a400000| Untracked 
| 165|0x000000008a500000, 0x000000008a600000, 0x000000008a600000|100%| O|  |TAMS 0x000000008a600000, 0x000000008a500000| Untracked 
| 166|0x000000008a600000, 0x000000008a700000, 0x000000008a700000|100%| O|  |TAMS 0x000000008a700000, 0x000000008a600000| Untracked 
| 167|0x000000008a700000, 0x000000008a800000, 0x000000008a800000|100%| O|  |TAMS 0x000000008a800000, 0x000000008a700000| Untracked 
| 168|0x000000008a800000, 0x000000008a900000, 0x000000008a900000|100%| O|  |TAMS 0x000000008a900000, 0x000000008a800000| Untracked 
| 169|0x000000008a900000, 0x000000008aa00000, 0x000000008aa00000|100%| O|  |TAMS 0x000000008aa00000, 0x000000008a900000| Untracked 
| 170|0x000000008aa00000, 0x000000008ab00000, 0x000000008ab00000|100%| O|  |TAMS 0x000000008ab00000, 0x000000008aa00000| Untracked 
| 171|0x000000008ab00000, 0x000000008ac00000, 0x000000008ac00000|100%| O|  |TAMS 0x000000008ac00000, 0x000000008ab00000| Untracked 
| 172|0x000000008ac00000, 0x000000008ac00000, 0x000000008ad00000|  0%| F|  |TAMS 0x000000008ac00000, 0x000000008ac00000| Untracked 
| 173|0x000000008ad00000, 0x000000008ad00000, 0x000000008ae00000|  0%| F|  |TAMS 0x000000008ad00000, 0x000000008ad00000| Untracked 
| 174|0x000000008ae00000, 0x000000008ae00000, 0x000000008af00000|  0%| F|  |TAMS 0x000000008ae00000, 0x000000008ae00000| Untracked 
| 175|0x000000008af00000, 0x000000008af00000, 0x000000008b000000|  0%| F|  |TAMS 0x000000008af00000, 0x000000008af00000| Untracked 
| 176|0x000000008b000000, 0x000000008b000000, 0x000000008b100000|  0%| F|  |TAMS 0x000000008b000000, 0x000000008b000000| Untracked 
| 177|0x000000008b100000, 0x000000008b100000, 0x000000008b200000|  0%| F|  |TAMS 0x000000008b100000, 0x000000008b100000| Untracked 
| 178|0x000000008b200000, 0x000000008b200000, 0x000000008b300000|  0%| F|  |TAMS 0x000000008b200000, 0x000000008b200000| Untracked 
| 179|0x000000008b300000, 0x000000008b300000, 0x000000008b400000|  0%| F|  |TAMS 0x000000008b300000, 0x000000008b300000| Untracked 
| 180|0x000000008b400000, 0x000000008b400000, 0x000000008b500000|  0%| F|  |TAMS 0x000000008b400000, 0x000000008b400000| Untracked 
| 181|0x000000008b500000, 0x000000008b500000, 0x000000008b600000|  0%| F|  |TAMS 0x000000008b500000, 0x000000008b500000| Untracked 
| 182|0x000000008b600000, 0x000000008b600000, 0x000000008b700000|  0%| F|  |TAMS 0x000000008b600000, 0x000000008b600000| Untracked 
| 183|0x000000008b700000, 0x000000008b700000, 0x000000008b800000|  0%| F|  |TAMS 0x000000008b700000, 0x000000008b700000| Untracked 
| 184|0x000000008b800000, 0x000000008b800000, 0x000000008b900000|  0%| F|  |TAMS 0x000000008b800000, 0x000000008b800000| Untracked 
| 185|0x000000008b900000, 0x000000008b900000, 0x000000008ba00000|  0%| F|  |TAMS 0x000000008b900000, 0x000000008b900000| Untracked 
| 186|0x000000008ba00000, 0x000000008ba00000, 0x000000008bb00000|  0%| F|  |TAMS 0x000000008ba00000, 0x000000008ba00000| Untracked 
| 187|0x000000008bb00000, 0x000000008bb00000, 0x000000008bc00000|  0%| F|  |TAMS 0x000000008bb00000, 0x000000008bb00000| Untracked 
| 188|0x000000008bc00000, 0x000000008bc00000, 0x000000008bd00000|  0%| F|  |TAMS 0x000000008bc00000, 0x000000008bc00000| Untracked 
| 189|0x000000008bd00000, 0x000000008bd00000, 0x000000008be00000|  0%| F|  |TAMS 0x000000008bd00000, 0x000000008bd00000| Untracked 
| 190|0x000000008be00000, 0x000000008be00000, 0x000000008bf00000|  0%| F|  |TAMS 0x000000008be00000, 0x000000008be00000| Untracked 
| 191|0x000000008bf00000, 0x000000008bf00000, 0x000000008c000000|  0%| F|  |TAMS 0x000000008bf00000, 0x000000008bf00000| Untracked 
| 192|0x000000008c000000, 0x000000008c000000, 0x000000008c100000|  0%| F|  |TAMS 0x000000008c000000, 0x000000008c000000| Untracked 
| 193|0x000000008c100000, 0x000000008c100000, 0x000000008c200000|  0%| F|  |TAMS 0x000000008c100000, 0x000000008c100000| Untracked 
| 194|0x000000008c200000, 0x000000008c200000, 0x000000008c300000|  0%| F|  |TAMS 0x000000008c200000, 0x000000008c200000| Untracked 
| 195|0x000000008c300000, 0x000000008c300000, 0x000000008c400000|  0%| F|  |TAMS 0x000000008c300000, 0x000000008c300000| Untracked 
| 196|0x000000008c400000, 0x000000008c500000, 0x000000008c500000|100%| O|  |TAMS 0x000000008c500000, 0x000000008c400000| Complete 
| 197|0x000000008c500000, 0x000000008c600000, 0x000000008c600000|100%| O|  |TAMS 0x000000008c600000, 0x000000008c500000| Untracked 
| 198|0x000000008c600000, 0x000000008c700000, 0x000000008c700000|100%| O|  |TAMS 0x000000008c700000, 0x000000008c600000| Untracked 
| 199|0x000000008c700000, 0x000000008c800000, 0x000000008c800000|100%| O|  |TAMS 0x000000008c800000, 0x000000008c700000| Untracked 
| 200|0x000000008c800000, 0x000000008c900000, 0x000000008c900000|100%| O|  |TAMS 0x000000008c900000, 0x000000008c800000| Untracked 
| 201|0x000000008c900000, 0x000000008ca00000, 0x000000008ca00000|100%| O|  |TAMS 0x000000008ca00000, 0x000000008c900000| Untracked 
| 202|0x000000008ca00000, 0x000000008cb00000, 0x000000008cb00000|100%| O|  |TAMS 0x000000008cb00000, 0x000000008ca00000| Untracked 
| 203|0x000000008cb00000, 0x000000008cc00000, 0x000000008cc00000|100%| O|  |TAMS 0x000000008cc00000, 0x000000008cb00000| Untracked 
| 204|0x000000008cc00000, 0x000000008cd00000, 0x000000008cd00000|100%| O|  |TAMS 0x000000008cd00000, 0x000000008cc00000| Untracked 
| 205|0x000000008cd00000, 0x000000008ce00000, 0x000000008ce00000|100%| O|  |TAMS 0x000000008ce00000, 0x000000008cd00000| Untracked 
| 206|0x000000008ce00000, 0x000000008cf00000, 0x000000008cf00000|100%| O|  |TAMS 0x000000008cf00000, 0x000000008ce00000| Untracked 
| 207|0x000000008cf00000, 0x000000008d000000, 0x000000008d000000|100%| O|  |TAMS 0x000000008d000000, 0x000000008cf00000| Untracked 
| 208|0x000000008d000000, 0x000000008d100000, 0x000000008d100000|100%| O|  |TAMS 0x000000008d100000, 0x000000008d000000| Untracked 
| 209|0x000000008d100000, 0x000000008d200000, 0x000000008d200000|100%| O|  |TAMS 0x000000008d200000, 0x000000008d100000| Complete 
| 210|0x000000008d200000, 0x000000008d300000, 0x000000008d300000|100%| O|  |TAMS 0x000000008d280000, 0x000000008d200000| Untracked 
| 211|0x000000008d300000, 0x000000008d300000, 0x000000008d400000|  0%| F|  |TAMS 0x000000008d300000, 0x000000008d300000| Untracked 
| 212|0x000000008d400000, 0x000000008d400000, 0x000000008d500000|  0%| F|  |TAMS 0x000000008d400000, 0x000000008d400000| Untracked 
| 213|0x000000008d500000, 0x000000008d500000, 0x000000008d600000|  0%| F|  |TAMS 0x000000008d500000, 0x000000008d500000| Untracked 
| 214|0x000000008d600000, 0x000000008d600000, 0x000000008d700000|  0%| F|  |TAMS 0x000000008d600000, 0x000000008d600000| Untracked 
| 215|0x000000008d700000, 0x000000008d700000, 0x000000008d800000|  0%| F|  |TAMS 0x000000008d700000, 0x000000008d700000| Untracked 
| 216|0x000000008d800000, 0x000000008d800000, 0x000000008d900000|  0%| F|  |TAMS 0x000000008d800000, 0x000000008d800000| Untracked 
| 217|0x000000008d900000, 0x000000008d900000, 0x000000008da00000|  0%| F|  |TAMS 0x000000008d900000, 0x000000008d900000| Untracked 
| 218|0x000000008da00000, 0x000000008da00000, 0x000000008db00000|  0%| F|  |TAMS 0x000000008da00000, 0x000000008da00000| Untracked 
| 219|0x000000008db00000, 0x000000008db00000, 0x000000008dc00000|  0%| F|  |TAMS 0x000000008db00000, 0x000000008db00000| Untracked 
| 220|0x000000008dc00000, 0x000000008dc00000, 0x000000008dd00000|  0%| F|  |TAMS 0x000000008dc00000, 0x000000008dc00000| Untracked 
| 221|0x000000008dd00000, 0x000000008dd00000, 0x000000008de00000|  0%| F|  |TAMS 0x000000008dd00000, 0x000000008dd00000| Untracked 
| 222|0x000000008de00000, 0x000000008de00000, 0x000000008df00000|  0%| F|  |TAMS 0x000000008de00000, 0x000000008de00000| Untracked 
| 223|0x000000008df00000, 0x000000008df00000, 0x000000008e000000|  0%| F|  |TAMS 0x000000008df00000, 0x000000008df00000| Untracked 
| 224|0x000000008e000000, 0x000000008e000000, 0x000000008e100000|  0%| F|  |TAMS 0x000000008e000000, 0x000000008e000000| Untracked 
| 225|0x000000008e100000, 0x000000008e100000, 0x000000008e200000|  0%| F|  |TAMS 0x000000008e100000, 0x000000008e100000| Untracked 
| 226|0x000000008e200000, 0x000000008e200000, 0x000000008e300000|  0%| F|  |TAMS 0x000000008e200000, 0x000000008e200000| Untracked 
| 227|0x000000008e300000, 0x000000008e300000, 0x000000008e400000|  0%| F|  |TAMS 0x000000008e300000, 0x000000008e300000| Untracked 
| 228|0x000000008e400000, 0x000000008e400000, 0x000000008e500000|  0%| F|  |TAMS 0x000000008e400000, 0x000000008e400000| Untracked 
| 229|0x000000008e500000, 0x000000008e500000, 0x000000008e600000|  0%| F|  |TAMS 0x000000008e500000, 0x000000008e500000| Untracked 
| 230|0x000000008e600000, 0x000000008e600000, 0x000000008e700000|  0%| F|  |TAMS 0x000000008e600000, 0x000000008e600000| Untracked 
| 231|0x000000008e700000, 0x000000008e700000, 0x000000008e800000|  0%| F|  |TAMS 0x000000008e700000, 0x000000008e700000| Untracked 
| 232|0x000000008e800000, 0x000000008e800000, 0x000000008e900000|  0%| F|  |TAMS 0x000000008e800000, 0x000000008e800000| Untracked 
| 233|0x000000008e900000, 0x000000008e900000, 0x000000008ea00000|  0%| F|  |TAMS 0x000000008e900000, 0x000000008e900000| Untracked 
| 234|0x000000008ea00000, 0x000000008ea00000, 0x000000008eb00000|  0%| F|  |TAMS 0x000000008ea00000, 0x000000008ea00000| Untracked 
| 235|0x000000008eb00000, 0x000000008eb00000, 0x000000008ec00000|  0%| F|  |TAMS 0x000000008eb00000, 0x000000008eb00000| Untracked 
| 236|0x000000008ec00000, 0x000000008ec00000, 0x000000008ed00000|  0%| F|  |TAMS 0x000000008ec00000, 0x000000008ec00000| Untracked 
| 237|0x000000008ed00000, 0x000000008ed00000, 0x000000008ee00000|  0%| F|  |TAMS 0x000000008ed00000, 0x000000008ed00000| Untracked 
| 238|0x000000008ee00000, 0x000000008ee00000, 0x000000008ef00000|  0%| F|  |TAMS 0x000000008ee00000, 0x000000008ee00000| Untracked 
| 239|0x000000008ef00000, 0x000000008ef00000, 0x000000008f000000|  0%| F|  |TAMS 0x000000008ef00000, 0x000000008ef00000| Untracked 
| 240|0x000000008f000000, 0x000000008f000000, 0x000000008f100000|  0%| F|  |TAMS 0x000000008f000000, 0x000000008f000000| Untracked 
| 241|0x000000008f100000, 0x000000008f100000, 0x000000008f200000|  0%| F|  |TAMS 0x000000008f100000, 0x000000008f100000| Untracked 
| 242|0x000000008f200000, 0x000000008f200000, 0x000000008f300000|  0%| F|  |TAMS 0x000000008f200000, 0x000000008f200000| Untracked 
| 243|0x000000008f300000, 0x000000008f300000, 0x000000008f400000|  0%| F|  |TAMS 0x000000008f300000, 0x000000008f300000| Untracked 
| 244|0x000000008f400000, 0x000000008f400000, 0x000000008f500000|  0%| F|  |TAMS 0x000000008f400000, 0x000000008f400000| Untracked 
| 245|0x000000008f500000, 0x000000008f500000, 0x000000008f600000|  0%| F|  |TAMS 0x000000008f500000, 0x000000008f500000| Untracked 
| 246|0x000000008f600000, 0x000000008f600000, 0x000000008f700000|  0%| F|  |TAMS 0x000000008f600000, 0x000000008f600000| Untracked 
| 247|0x000000008f700000, 0x000000008f700000, 0x000000008f800000|  0%| F|  |TAMS 0x000000008f700000, 0x000000008f700000| Untracked 
| 248|0x000000008f800000, 0x000000008f800000, 0x000000008f900000|  0%| F|  |TAMS 0x000000008f800000, 0x000000008f800000| Untracked 
| 249|0x000000008f900000, 0x000000008f900000, 0x000000008fa00000|  0%| F|  |TAMS 0x000000008f900000, 0x000000008f900000| Untracked 
| 250|0x000000008fa00000, 0x000000008fa00000, 0x000000008fb00000|  0%| F|  |TAMS 0x000000008fa00000, 0x000000008fa00000| Untracked 
| 251|0x000000008fb00000, 0x000000008fb00000, 0x000000008fc00000|  0%| F|  |TAMS 0x000000008fb00000, 0x000000008fb00000| Untracked 
| 252|0x000000008fc00000, 0x000000008fc00000, 0x000000008fd00000|  0%| F|  |TAMS 0x000000008fc00000, 0x000000008fc00000| Untracked 
| 253|0x000000008fd00000, 0x000000008fd00000, 0x000000008fe00000|  0%| F|  |TAMS 0x000000008fd00000, 0x000000008fd00000| Untracked 
| 254|0x000000008fe00000, 0x000000008fe00000, 0x000000008ff00000|  0%| F|  |TAMS 0x000000008fe00000, 0x000000008fe00000| Untracked 
| 255|0x000000008ff00000, 0x000000008ff00000, 0x0000000090000000|  0%| F|  |TAMS 0x000000008ff00000, 0x000000008ff00000| Untracked 
| 256|0x0000000090000000, 0x0000000090000000, 0x0000000090100000|  0%| F|  |TAMS 0x0000000090000000, 0x0000000090000000| Untracked 
| 257|0x0000000090100000, 0x0000000090100000, 0x0000000090200000|  0%| F|  |TAMS 0x0000000090100000, 0x0000000090100000| Untracked 
| 258|0x0000000090200000, 0x0000000090200000, 0x0000000090300000|  0%| F|  |TAMS 0x0000000090200000, 0x0000000090200000| Untracked 
| 259|0x0000000090300000, 0x0000000090300000, 0x0000000090400000|  0%| F|  |TAMS 0x0000000090300000, 0x0000000090300000| Untracked 
| 260|0x0000000090400000, 0x0000000090400000, 0x0000000090500000|  0%| F|  |TAMS 0x0000000090400000, 0x0000000090400000| Untracked 
| 261|0x0000000090500000, 0x0000000090500000, 0x0000000090600000|  0%| F|  |TAMS 0x0000000090500000, 0x0000000090500000| Untracked 
| 262|0x0000000090600000, 0x0000000090600000, 0x0000000090700000|  0%| F|  |TAMS 0x0000000090600000, 0x0000000090600000| Untracked 
| 263|0x0000000090700000, 0x0000000090700000, 0x0000000090800000|  0%| F|  |TAMS 0x0000000090700000, 0x0000000090700000| Untracked 
| 264|0x0000000090800000, 0x0000000090800000, 0x0000000090900000|  0%| F|  |TAMS 0x0000000090800000, 0x0000000090800000| Untracked 
| 265|0x0000000090900000, 0x0000000090900000, 0x0000000090a00000|  0%| F|  |TAMS 0x0000000090900000, 0x0000000090900000| Untracked 
| 266|0x0000000090a00000, 0x0000000090a00000, 0x0000000090b00000|  0%| F|  |TAMS 0x0000000090a00000, 0x0000000090a00000| Untracked 
| 267|0x0000000090b00000, 0x0000000090b00000, 0x0000000090c00000|  0%| F|  |TAMS 0x0000000090b00000, 0x0000000090b00000| Untracked 
| 268|0x0000000090c00000, 0x0000000090c00000, 0x0000000090d00000|  0%| F|  |TAMS 0x0000000090c00000, 0x0000000090c00000| Untracked 
| 269|0x0000000090d00000, 0x0000000090d00000, 0x0000000090e00000|  0%| F|  |TAMS 0x0000000090d00000, 0x0000000090d00000| Untracked 
| 270|0x0000000090e00000, 0x0000000090e00000, 0x0000000090f00000|  0%| F|  |TAMS 0x0000000090e00000, 0x0000000090e00000| Untracked 
| 271|0x0000000090f00000, 0x0000000090f00000, 0x0000000091000000|  0%| F|  |TAMS 0x0000000090f00000, 0x0000000090f00000| Untracked 
| 272|0x0000000091000000, 0x0000000091000000, 0x0000000091100000|  0%| F|  |TAMS 0x0000000091000000, 0x0000000091000000| Untracked 
| 273|0x0000000091100000, 0x0000000091100000, 0x0000000091200000|  0%| F|  |TAMS 0x0000000091100000, 0x0000000091100000| Untracked 
| 274|0x0000000091200000, 0x0000000091200000, 0x0000000091300000|  0%| F|  |TAMS 0x0000000091200000, 0x0000000091200000| Untracked 
| 275|0x0000000091300000, 0x0000000091300000, 0x0000000091400000|  0%| F|  |TAMS 0x0000000091300000, 0x0000000091300000| Untracked 
| 276|0x0000000091400000, 0x0000000091400000, 0x0000000091500000|  0%| F|  |TAMS 0x0000000091400000, 0x0000000091400000| Untracked 
| 277|0x0000000091500000, 0x0000000091500000, 0x0000000091600000|  0%| F|  |TAMS 0x0000000091500000, 0x0000000091500000| Untracked 
| 278|0x0000000091600000, 0x0000000091600000, 0x0000000091700000|  0%| F|  |TAMS 0x0000000091600000, 0x0000000091600000| Untracked 
| 279|0x0000000091700000, 0x0000000091700000, 0x0000000091800000|  0%| F|  |TAMS 0x0000000091700000, 0x0000000091700000| Untracked 
| 280|0x0000000091800000, 0x0000000091800000, 0x0000000091900000|  0%| F|  |TAMS 0x0000000091800000, 0x0000000091800000| Untracked 
| 281|0x0000000091900000, 0x0000000091900000, 0x0000000091a00000|  0%| F|  |TAMS 0x0000000091900000, 0x0000000091900000| Untracked 
| 282|0x0000000091a00000, 0x0000000091a00000, 0x0000000091b00000|  0%| F|  |TAMS 0x0000000091a00000, 0x0000000091a00000| Untracked 
| 283|0x0000000091b00000, 0x0000000091b00000, 0x0000000091c00000|  0%| F|  |TAMS 0x0000000091b00000, 0x0000000091b00000| Untracked 
| 284|0x0000000091c00000, 0x0000000091c00000, 0x0000000091d00000|  0%| F|  |TAMS 0x0000000091c00000, 0x0000000091c00000| Untracked 
| 285|0x0000000091d00000, 0x0000000091d00000, 0x0000000091e00000|  0%| F|  |TAMS 0x0000000091d00000, 0x0000000091d00000| Untracked 
| 286|0x0000000091e00000, 0x0000000091e00000, 0x0000000091f00000|  0%| F|  |TAMS 0x0000000091e00000, 0x0000000091e00000| Untracked 
| 287|0x0000000091f00000, 0x0000000091f00000, 0x0000000092000000|  0%| F|  |TAMS 0x0000000091f00000, 0x0000000091f00000| Untracked 
| 288|0x0000000092000000, 0x0000000092000000, 0x0000000092100000|  0%| F|  |TAMS 0x0000000092000000, 0x0000000092000000| Untracked 
| 289|0x0000000092100000, 0x0000000092100000, 0x0000000092200000|  0%| F|  |TAMS 0x0000000092100000, 0x0000000092100000| Untracked 
| 290|0x0000000092200000, 0x0000000092200000, 0x0000000092300000|  0%| F|  |TAMS 0x0000000092200000, 0x0000000092200000| Untracked 
| 291|0x0000000092300000, 0x0000000092300000, 0x0000000092400000|  0%| F|  |TAMS 0x0000000092300000, 0x0000000092300000| Untracked 
| 292|0x0000000092400000, 0x0000000092400000, 0x0000000092500000|  0%| F|  |TAMS 0x0000000092400000, 0x0000000092400000| Untracked 
| 293|0x0000000092500000, 0x0000000092500000, 0x0000000092600000|  0%| F|  |TAMS 0x0000000092500000, 0x0000000092500000| Untracked 
| 294|0x0000000092600000, 0x0000000092600000, 0x0000000092700000|  0%| F|  |TAMS 0x0000000092600000, 0x0000000092600000| Untracked 
| 295|0x0000000092700000, 0x0000000092700000, 0x0000000092800000|  0%| F|  |TAMS 0x0000000092700000, 0x0000000092700000| Untracked 
| 296|0x0000000092800000, 0x0000000092800000, 0x0000000092900000|  0%| F|  |TAMS 0x0000000092800000, 0x0000000092800000| Untracked 
| 297|0x0000000092900000, 0x0000000092900000, 0x0000000092a00000|  0%| F|  |TAMS 0x0000000092900000, 0x0000000092900000| Untracked 
| 298|0x0000000092a00000, 0x0000000092a00000, 0x0000000092b00000|  0%| F|  |TAMS 0x0000000092a00000, 0x0000000092a00000| Untracked 
| 299|0x0000000092b00000, 0x0000000092b00000, 0x0000000092c00000|  0%| F|  |TAMS 0x0000000092b00000, 0x0000000092b00000| Untracked 
| 300|0x0000000092c00000, 0x0000000092c00000, 0x0000000092d00000|  0%| F|  |TAMS 0x0000000092c00000, 0x0000000092c00000| Untracked 
| 301|0x0000000092d00000, 0x0000000092d00000, 0x0000000092e00000|  0%| F|  |TAMS 0x0000000092d00000, 0x0000000092d00000| Untracked 
| 302|0x0000000092e00000, 0x0000000092e00000, 0x0000000092f00000|  0%| F|  |TAMS 0x0000000092e00000, 0x0000000092e00000| Untracked 
| 303|0x0000000092f00000, 0x0000000092f00000, 0x0000000093000000|  0%| F|  |TAMS 0x0000000092f00000, 0x0000000092f00000| Untracked 
| 304|0x0000000093000000, 0x0000000093000000, 0x0000000093100000|  0%| F|  |TAMS 0x0000000093000000, 0x0000000093000000| Untracked 
| 305|0x0000000093100000, 0x0000000093100000, 0x0000000093200000|  0%| F|  |TAMS 0x0000000093100000, 0x0000000093100000| Untracked 
| 306|0x0000000093200000, 0x0000000093200000, 0x0000000093300000|  0%| F|  |TAMS 0x0000000093200000, 0x0000000093200000| Untracked 
| 307|0x0000000093300000, 0x0000000093300000, 0x0000000093400000|  0%| F|  |TAMS 0x0000000093300000, 0x0000000093300000| Untracked 
| 308|0x0000000093400000, 0x0000000093400000, 0x0000000093500000|  0%| F|  |TAMS 0x0000000093400000, 0x0000000093400000| Untracked 
| 309|0x0000000093500000, 0x0000000093500000, 0x0000000093600000|  0%| F|  |TAMS 0x0000000093500000, 0x0000000093500000| Untracked 
| 310|0x0000000093600000, 0x0000000093600000, 0x0000000093700000|  0%| F|  |TAMS 0x0000000093600000, 0x0000000093600000| Untracked 
| 311|0x0000000093700000, 0x0000000093700000, 0x0000000093800000|  0%| F|  |TAMS 0x0000000093700000, 0x0000000093700000| Untracked 
| 312|0x0000000093800000, 0x0000000093800000, 0x0000000093900000|  0%| F|  |TAMS 0x0000000093800000, 0x0000000093800000| Untracked 
| 313|0x0000000093900000, 0x0000000093900000, 0x0000000093a00000|  0%| F|  |TAMS 0x0000000093900000, 0x0000000093900000| Untracked 
| 314|0x0000000093a00000, 0x0000000093a00000, 0x0000000093b00000|  0%| F|  |TAMS 0x0000000093a00000, 0x0000000093a00000| Untracked 
| 315|0x0000000093b00000, 0x0000000093b00000, 0x0000000093c00000|  0%| F|  |TAMS 0x0000000093b00000, 0x0000000093b00000| Untracked 
| 316|0x0000000093c00000, 0x0000000093c00000, 0x0000000093d00000|  0%| F|  |TAMS 0x0000000093c00000, 0x0000000093c00000| Untracked 
| 317|0x0000000093d00000, 0x0000000093d00000, 0x0000000093e00000|  0%| F|  |TAMS 0x0000000093d00000, 0x0000000093d00000| Untracked 
| 318|0x0000000093e00000, 0x0000000093e00000, 0x0000000093f00000|  0%| F|  |TAMS 0x0000000093e00000, 0x0000000093e00000| Untracked 
| 319|0x0000000093f00000, 0x0000000093f00000, 0x0000000094000000|  0%| F|  |TAMS 0x0000000093f00000, 0x0000000093f00000| Untracked 
| 320|0x0000000094000000, 0x0000000094000000, 0x0000000094100000|  0%| F|  |TAMS 0x0000000094000000, 0x0000000094000000| Untracked 
| 321|0x0000000094100000, 0x0000000094100000, 0x0000000094200000|  0%| F|  |TAMS 0x0000000094100000, 0x0000000094100000| Untracked 
| 322|0x0000000094200000, 0x0000000094200000, 0x0000000094300000|  0%| F|  |TAMS 0x0000000094200000, 0x0000000094200000| Untracked 
| 323|0x0000000094300000, 0x0000000094300000, 0x0000000094400000|  0%| F|  |TAMS 0x0000000094300000, 0x0000000094300000| Untracked 
| 324|0x0000000094400000, 0x0000000094400000, 0x0000000094500000|  0%| F|  |TAMS 0x0000000094400000, 0x0000000094400000| Untracked 
| 325|0x0000000094500000, 0x0000000094500000, 0x0000000094600000|  0%| F|  |TAMS 0x0000000094500000, 0x0000000094500000| Untracked 
| 326|0x0000000094600000, 0x0000000094600000, 0x0000000094700000|  0%| F|  |TAMS 0x0000000094600000, 0x0000000094600000| Untracked 
| 327|0x0000000094700000, 0x0000000094700000, 0x0000000094800000|  0%| F|  |TAMS 0x0000000094700000, 0x0000000094700000| Untracked 
| 328|0x0000000094800000, 0x0000000094800000, 0x0000000094900000|  0%| F|  |TAMS 0x0000000094800000, 0x0000000094800000| Untracked 
| 329|0x0000000094900000, 0x0000000094900000, 0x0000000094a00000|  0%| F|  |TAMS 0x0000000094900000, 0x0000000094900000| Untracked 
| 330|0x0000000094a00000, 0x0000000094a00000, 0x0000000094b00000|  0%| F|  |TAMS 0x0000000094a00000, 0x0000000094a00000| Untracked 
| 331|0x0000000094b00000, 0x0000000094b00000, 0x0000000094c00000|  0%| F|  |TAMS 0x0000000094b00000, 0x0000000094b00000| Untracked 
| 332|0x0000000094c00000, 0x0000000094c00000, 0x0000000094d00000|  0%| F|  |TAMS 0x0000000094c00000, 0x0000000094c00000| Untracked 
| 333|0x0000000094d00000, 0x0000000094d00000, 0x0000000094e00000|  0%| F|  |TAMS 0x0000000094d00000, 0x0000000094d00000| Untracked 
| 334|0x0000000094e00000, 0x0000000094e00000, 0x0000000094f00000|  0%| F|  |TAMS 0x0000000094e00000, 0x0000000094e00000| Untracked 
| 335|0x0000000094f00000, 0x0000000094f00000, 0x0000000095000000|  0%| F|  |TAMS 0x0000000094f00000, 0x0000000094f00000| Untracked 
| 336|0x0000000095000000, 0x0000000095000000, 0x0000000095100000|  0%| F|  |TAMS 0x0000000095000000, 0x0000000095000000| Untracked 
| 337|0x0000000095100000, 0x0000000095100000, 0x0000000095200000|  0%| F|  |TAMS 0x0000000095100000, 0x0000000095100000| Untracked 
| 338|0x0000000095200000, 0x0000000095200000, 0x0000000095300000|  0%| F|  |TAMS 0x0000000095200000, 0x0000000095200000| Untracked 
| 339|0x0000000095300000, 0x0000000095300000, 0x0000000095400000|  0%| F|  |TAMS 0x0000000095300000, 0x0000000095300000| Untracked 
| 340|0x0000000095400000, 0x0000000095400000, 0x0000000095500000|  0%| F|  |TAMS 0x0000000095400000, 0x0000000095400000| Untracked 
| 341|0x0000000095500000, 0x0000000095500000, 0x0000000095600000|  0%| F|  |TAMS 0x0000000095500000, 0x0000000095500000| Untracked 
| 342|0x0000000095600000, 0x0000000095600000, 0x0000000095700000|  0%| F|  |TAMS 0x0000000095600000, 0x0000000095600000| Untracked 
| 343|0x0000000095700000, 0x0000000095700000, 0x0000000095800000|  0%| F|  |TAMS 0x0000000095700000, 0x0000000095700000| Untracked 
| 344|0x0000000095800000, 0x0000000095800000, 0x0000000095900000|  0%| F|  |TAMS 0x0000000095800000, 0x0000000095800000| Untracked 
| 345|0x0000000095900000, 0x0000000095900000, 0x0000000095a00000|  0%| F|  |TAMS 0x0000000095900000, 0x0000000095900000| Untracked 
| 346|0x0000000095a00000, 0x0000000095a00000, 0x0000000095b00000|  0%| F|  |TAMS 0x0000000095a00000, 0x0000000095a00000| Untracked 
| 347|0x0000000095b00000, 0x0000000095b00000, 0x0000000095c00000|  0%| F|  |TAMS 0x0000000095b00000, 0x0000000095b00000| Untracked 
| 348|0x0000000095c00000, 0x0000000095c00000, 0x0000000095d00000|  0%| F|  |TAMS 0x0000000095c00000, 0x0000000095c00000| Untracked 
| 349|0x0000000095d00000, 0x0000000095d00000, 0x0000000095e00000|  0%| F|  |TAMS 0x0000000095d00000, 0x0000000095d00000| Untracked 
| 350|0x0000000095e00000, 0x0000000095e00000, 0x0000000095f00000|  0%| F|  |TAMS 0x0000000095e00000, 0x0000000095e00000| Untracked 
| 351|0x0000000095f00000, 0x0000000095f00000, 0x0000000096000000|  0%| F|  |TAMS 0x0000000095f00000, 0x0000000095f00000| Untracked 
| 352|0x0000000096000000, 0x0000000096000000, 0x0000000096100000|  0%| F|  |TAMS 0x0000000096000000, 0x0000000096000000| Untracked 
| 353|0x0000000096100000, 0x0000000096100000, 0x0000000096200000|  0%| F|  |TAMS 0x0000000096100000, 0x0000000096100000| Untracked 
| 354|0x0000000096200000, 0x0000000096200000, 0x0000000096300000|  0%| F|  |TAMS 0x0000000096200000, 0x0000000096200000| Untracked 
| 355|0x0000000096300000, 0x0000000096300000, 0x0000000096400000|  0%| F|  |TAMS 0x0000000096300000, 0x0000000096300000| Untracked 
| 356|0x0000000096400000, 0x0000000096400000, 0x0000000096500000|  0%| F|  |TAMS 0x0000000096400000, 0x0000000096400000| Untracked 
| 357|0x0000000096500000, 0x0000000096500000, 0x0000000096600000|  0%| F|  |TAMS 0x0000000096500000, 0x0000000096500000| Untracked 
| 358|0x0000000096600000, 0x0000000096600000, 0x0000000096700000|  0%| F|  |TAMS 0x0000000096600000, 0x0000000096600000| Untracked 
| 359|0x0000000096700000, 0x0000000096700000, 0x0000000096800000|  0%| F|  |TAMS 0x0000000096700000, 0x0000000096700000| Untracked 
| 360|0x0000000096800000, 0x0000000096800000, 0x0000000096900000|  0%| F|  |TAMS 0x0000000096800000, 0x0000000096800000| Untracked 
| 361|0x0000000096900000, 0x0000000096900000, 0x0000000096a00000|  0%| F|  |TAMS 0x0000000096900000, 0x0000000096900000| Untracked 
| 362|0x0000000096a00000, 0x0000000096a00000, 0x0000000096b00000|  0%| F|  |TAMS 0x0000000096a00000, 0x0000000096a00000| Untracked 
| 363|0x0000000096b00000, 0x0000000096b00000, 0x0000000096c00000|  0%| F|  |TAMS 0x0000000096b00000, 0x0000000096b00000| Untracked 
| 364|0x0000000096c00000, 0x0000000096c00000, 0x0000000096d00000|  0%| F|  |TAMS 0x0000000096c00000, 0x0000000096c00000| Untracked 
| 365|0x0000000096d00000, 0x0000000096d00000, 0x0000000096e00000|  0%| F|  |TAMS 0x0000000096d00000, 0x0000000096d00000| Untracked 
| 366|0x0000000096e00000, 0x0000000096e00000, 0x0000000096f00000|  0%| F|  |TAMS 0x0000000096e00000, 0x0000000096e00000| Untracked 
| 367|0x0000000096f00000, 0x0000000096f00000, 0x0000000097000000|  0%| F|  |TAMS 0x0000000096f00000, 0x0000000096f00000| Untracked 
| 368|0x0000000097000000, 0x0000000097000000, 0x0000000097100000|  0%| F|  |TAMS 0x0000000097000000, 0x0000000097000000| Untracked 
| 369|0x0000000097100000, 0x0000000097100000, 0x0000000097200000|  0%| F|  |TAMS 0x0000000097100000, 0x0000000097100000| Untracked 
| 370|0x0000000097200000, 0x0000000097200000, 0x0000000097300000|  0%| F|  |TAMS 0x0000000097200000, 0x0000000097200000| Untracked 
| 371|0x0000000097300000, 0x0000000097300000, 0x0000000097400000|  0%| F|  |TAMS 0x0000000097300000, 0x0000000097300000| Untracked 
| 372|0x0000000097400000, 0x0000000097400000, 0x0000000097500000|  0%| F|  |TAMS 0x0000000097400000, 0x0000000097400000| Untracked 
| 373|0x0000000097500000, 0x0000000097500000, 0x0000000097600000|  0%| F|  |TAMS 0x0000000097500000, 0x0000000097500000| Untracked 
| 374|0x0000000097600000, 0x0000000097700000, 0x0000000097700000|100%| S|CS|TAMS 0x0000000097600000, 0x0000000097600000| Complete 
| 375|0x0000000097700000, 0x0000000097700000, 0x0000000097800000|  0%| F|  |TAMS 0x0000000097700000, 0x0000000097700000| Untracked 
| 376|0x0000000097800000, 0x0000000097800000, 0x0000000097900000|  0%| F|  |TAMS 0x0000000097800000, 0x0000000097800000| Untracked 
| 377|0x0000000097900000, 0x0000000097900000, 0x0000000097a00000|  0%| F|  |TAMS 0x0000000097900000, 0x0000000097900000| Untracked 
| 378|0x0000000097a00000, 0x0000000097a00000, 0x0000000097b00000|  0%| F|  |TAMS 0x0000000097a00000, 0x0000000097a00000| Untracked 
| 379|0x0000000097b00000, 0x0000000097b00000, 0x0000000097c00000|  0%| F|  |TAMS 0x0000000097b00000, 0x0000000097b00000| Untracked 
| 380|0x0000000097c00000, 0x0000000097c00000, 0x0000000097d00000|  0%| F|  |TAMS 0x0000000097c00000, 0x0000000097c00000| Untracked 
| 381|0x0000000097d00000, 0x0000000097d00000, 0x0000000097e00000|  0%| F|  |TAMS 0x0000000097d00000, 0x0000000097d00000| Untracked 
| 382|0x0000000097e00000, 0x0000000097e00000, 0x0000000097f00000|  0%| F|  |TAMS 0x0000000097e00000, 0x0000000097e00000| Untracked 
| 383|0x0000000097f00000, 0x0000000097f00000, 0x0000000098000000|  0%| F|  |TAMS 0x0000000097f00000, 0x0000000097f00000| Untracked 
| 384|0x0000000098000000, 0x0000000098100000, 0x0000000098100000|100%| O|  |TAMS 0x0000000098100000, 0x0000000098000000| Untracked 
| 385|0x0000000098100000, 0x0000000098200000, 0x0000000098200000|100%| O|  |TAMS 0x0000000098200000, 0x0000000098100000| Untracked 
| 386|0x0000000098200000, 0x00000000982ffff8, 0x0000000098300000| 99%| O|  |TAMS 0x00000000982ffff8, 0x0000000098200000| Untracked 
| 387|0x0000000098300000, 0x0000000098400000, 0x0000000098400000|100%| O|  |TAMS 0x0000000098400000, 0x0000000098300000| Untracked 
| 388|0x0000000098400000, 0x0000000098500000, 0x0000000098500000|100%| O|  |TAMS 0x0000000098500000, 0x0000000098400000| Complete 
| 389|0x0000000098500000, 0x00000000985633d8, 0x0000000098600000| 38%| E|  |TAMS 0x0000000098500000, 0x0000000098500000| Complete 
| 390|0x0000000098600000, 0x0000000098700000, 0x0000000098700000|100%| E|CS|TAMS 0x0000000098600000, 0x0000000098600000| Complete 
| 391|0x0000000098700000, 0x0000000098800000, 0x0000000098800000|100%| E|CS|TAMS 0x0000000098700000, 0x0000000098700000| Complete 
| 392|0x0000000098800000, 0x0000000098900000, 0x0000000098900000|100%| O|  |TAMS 0x0000000098900000, 0x0000000098800000| Complete 

Card table byte_map: [0x0000014b3ea10000,0x0000014b3ee10000] _byte_map_base: 0x0000014b3e610000

Marking Bits (Prev, Next): (CMBitMap*) 0x0000014b2bb5f350, (CMBitMap*) 0x0000014b2bb5f318
 Prev Bits: [0x0000014b41210000, 0x0000014b43210000)
 Next Bits: [0x0000014b3f210000, 0x0000014b41210000)

Polling page: 0x0000014b2b300000

Metaspace:

Usage:
  Non-class:    128.78 MB capacity,   125.96 MB ( 98%) used,     2.31 MB (  2%) free+waste,   519.75 KB ( <1%) overhead. 
      Class:     19.46 MB capacity,    17.77 MB ( 91%) used,     1.46 MB (  8%) free+waste,   227.69 KB (  1%) overhead. 
       Both:    148.24 MB capacity,   143.73 MB ( 97%) used,     3.78 MB (  3%) free+waste,   747.44 KB ( <1%) overhead. 

Virtual space:
  Non-class space:      130.00 MB reserved,     129.00 MB (>99%) committed 
      Class space:        1.00 GB reserved,      19.50 MB (  2%) committed 
             Both:        1.13 GB reserved,     148.50 MB ( 13%) committed 

Chunk freelists:
   Non-Class:  33.00 KB
       Class:  12.00 KB
        Both:  45.00 KB

MaxMetaspaceSize: 17179869184.00 GB
CompressedClassSpaceSize: 1.00 GB

CodeHeap 'non-profiled nmethods': size=120064Kb used=20411Kb max_used=20411Kb free=99652Kb
 bounds [0x0000014b370d0000, 0x0000014b384d0000, 0x0000014b3e610000]
CodeHeap 'profiled nmethods': size=120000Kb used=55500Kb max_used=55500Kb free=64499Kb
 bounds [0x0000014b2fba0000, 0x0000014b33210000, 0x0000014b370d0000]
CodeHeap 'non-nmethods': size=5696Kb used=2371Kb max_used=2420Kb free=3324Kb
 bounds [0x0000014b2f610000, 0x0000014b2f880000, 0x0000014b2fba0000]
 total_blobs=24125 nmethods=23106 adapters=928
 compilation: enabled
              stopped_count=0, restarted_count=0
 full_count=0

Compilation events (20 events):
Event: 2348.240 Thread 0x0000014b453ec800 nmethod 27713 0x0000014b33206210 code [0x0000014b33206460, 0x0000014b33206eb8]
Event: 2348.240 Thread 0x0000014b453ec800 27715       3       java.io.StringWriter::write (14 bytes)
Event: 2348.477 Thread 0x0000014b453ec800 nmethod 27715 0x0000014b33207290 code [0x0000014b33207460, 0x0000014b332077c8]
Event: 2348.477 Thread 0x0000014b453ec800 27718       3       java.io.ObjectStreamClass::getPrimFieldValues (10 bytes)
Event: 2348.477 Thread 0x0000014b453ec800 nmethod 27718 0x0000014b33207910 code [0x0000014b33207ac0, 0x0000014b33207be8]
Event: 2348.477 Thread 0x0000014b453ec800 27716       3       com.sun.jmx.mbeanserver.ConvertingMethod::fromOpenParameters (50 bytes)
Event: 2348.699 Thread 0x0000014b453e5800 27720       4       sun.management.ManagementFactoryHelper::getMemoryPoolMXBeans (51 bytes)
Event: 2348.716 Thread 0x0000014b453e5800 nmethod 27720 0x0000014b384c0b10 code [0x0000014b384c0ce0, 0x0000014b384c1778]
Event: 2348.716 Thread 0x0000014b453e5800 27721       4       org.gradle.launcher.daemon.server.health.gc.GarbageCollectionCheck::run (198 bytes)
Event: 2348.980 Thread 0x0000014b453ec800 nmethod 27716 0x0000014b33207c90 code [0x0000014b33207e80, 0x0000014b33208408]
Event: 2350.199 Thread 0x0000014b453ec800 27722       1       java.net.InetAddress$InetAddressHolder::getHostName (5 bytes)
Event: 2350.199 Thread 0x0000014b453ec800 nmethod 27722 0x0000014b384c1c10 code [0x0000014b384c1dc0, 0x0000014b384c1e78]
Event: 2352.441 Thread 0x0000014b453ec800 27723       1       java.lang.StackTraceElement::getFileName (5 bytes)
Event: 2352.442 Thread 0x0000014b453ec800 nmethod 27723 0x0000014b384c1f10 code [0x0000014b384c20c0, 0x0000014b384c2178]
Event: 2352.442 Thread 0x0000014b453ec800 27724       1       java.lang.StackTraceElement::getLineNumber (5 bytes)
Event: 2352.442 Thread 0x0000014b453ec800 nmethod 27724 0x0000014b384c2210 code [0x0000014b384c23c0, 0x0000014b384c2478]
Event: 2352.977 Thread 0x0000014b453ec800 27725       3       com.android.build.gradle.internal.profile.AnalyticsResourceManager::getTaskRecord (149 bytes)
Event: 2359.371 Thread 0x0000014b453ec800 nmethod 27725 0x0000014b33208610 code [0x0000014b33208a20, 0x0000014b3320a468]
Event: 2359.371 Thread 0x0000014b453ec800 27727       3       java.io.File::delete (33 bytes)
Event: 2359.873 Thread 0x0000014b453ec800 nmethod 27727 0x0000014b3320ae90 code [0x0000014b3320b120, 0x0000014b3320be08]

GC Heap History (20 events):
Event: 1096.487 GC heap before
{Heap before GC invocations=299 (full 0):
 garbage-first heap   total 393216K, used 334292K [0x0000000080000000, 0x0000000100000000)
  region size 1024K, 186 young (190464K), 10 survivors (10240K)
 Metaspace       used 140781K, capacity 145065K, committed 145280K, reserved 1175552K
  class space    used 17446K, capacity 19041K, committed 19072K, reserved 1048576K
}
Event: 1096.507 GC heap after
{Heap after GC invocations=300 (full 0):
 garbage-first heap   total 393216K, used 152521K [0x0000000080000000, 0x0000000100000000)
  region size 1024K, 8 young (8192K), 8 survivors (8192K)
 Metaspace       used 140781K, capacity 145065K, committed 145280K, reserved 1175552K
  class space    used 17446K, capacity 19041K, committed 19072K, reserved 1048576K
}
Event: 1097.847 GC heap before
{Heap before GC invocations=300 (full 0):
 garbage-first heap   total 393216K, used 335817K [0x0000000080000000, 0x0000000100000000)
  region size 1024K, 187 young (191488K), 8 survivors (8192K)
 Metaspace       used 140786K, capacity 145129K, committed 145280K, reserved 1175552K
  class space    used 17447K, capacity 19041K, committed 19072K, reserved 1048576K
}
Event: 1097.870 GC heap after
{Heap after GC invocations=301 (full 0):
 garbage-first heap   total 393216K, used 152521K [0x0000000080000000, 0x0000000100000000)
  region size 1024K, 8 young (8192K), 8 survivors (8192K)
 Metaspace       used 140786K, capacity 145129K, committed 145280K, reserved 1175552K
  class space    used 17447K, capacity 19041K, committed 19072K, reserved 1048576K
}
Event: 1099.404 GC heap before
{Heap before GC invocations=301 (full 0):
 garbage-first heap   total 393216K, used 336841K [0x0000000080000000, 0x0000000100000000)
  region size 1024K, 188 young (192512K), 8 survivors (8192K)
 Metaspace       used 140789K, capacity 145129K, committed 145280K, reserved 1175552K
  class space    used 17447K, capacity 19041K, committed 19072K, reserved 1048576K
}
Event: 1099.428 GC heap after
{Heap after GC invocations=302 (full 0):
 garbage-first heap   total 393216K, used 153033K [0x0000000080000000, 0x0000000100000000)
  region size 1024K, 9 young (9216K), 9 survivors (9216K)
 Metaspace       used 140789K, capacity 145129K, committed 145280K, reserved 1175552K
  class space    used 17447K, capacity 19041K, committed 19072K, reserved 1048576K
}
Event: 1100.709 GC heap before
{Heap before GC invocations=302 (full 0):
 garbage-first heap   total 393216K, used 217545K [0x0000000080000000, 0x0000000100000000)
  region size 1024K, 72 young (73728K), 9 survivors (9216K)
 Metaspace       used 141008K, capacity 145444K, committed 145664K, reserved 1175552K
  class space    used 17470K, capacity 19079K, committed 19200K, reserved 1048576K
}
Event: 1100.716 GC heap after
{Heap after GC invocations=303 (full 0):
 garbage-first heap   total 393216K, used 145353K [0x0000000080000000, 0x0000000100000000)
  region size 1024K, 1 young (1024K), 1 survivors (1024K)
 Metaspace       used 141008K, capacity 145444K, committed 145664K, reserved 1175552K
  class space    used 17470K, capacity 19079K, committed 19200K, reserved 1048576K
}
Event: 1106.033 GC heap before
{Heap before GC invocations=304 (full 0):
 garbage-first heap   total 393216K, used 352201K [0x0000000080000000, 0x0000000100000000)
  region size 1024K, 188 young (192512K), 1 survivors (1024K)
 Metaspace       used 141970K, capacity 146433K, committed 146560K, reserved 1177600K
  class space    used 17570K, capacity 19203K, committed 19328K, reserved 1048576K
}
Event: 1106.346 GC heap after
{Heap after GC invocations=305 (full 0):
 garbage-first heap   total 402432K, used 199512K [0x0000000080000000, 0x0000000100000000)
  region size 1024K, 24 young (24576K), 24 survivors (24576K)
 Metaspace       used 141970K, capacity 146433K, committed 146560K, reserved 1177600K
  class space    used 17570K, capacity 19203K, committed 19328K, reserved 1048576K
}
Event: 1106.363 GC heap before
{Heap before GC invocations=305 (full 0):
 garbage-first heap   total 402432K, used 200536K [0x0000000080000000, 0x0000000100000000)
  region size 1024K, 25 young (25600K), 24 survivors (24576K)
 Metaspace       used 141970K, capacity 146433K, committed 146560K, reserved 1177600K
  class space    used 17570K, capacity 19203K, committed 19328K, reserved 1048576K
}
Event: 1106.539 GC heap after
{Heap after GC invocations=306 (full 0):
 garbage-first heap   total 402432K, used 196607K [0x0000000080000000, 0x0000000100000000)
  region size 1024K, 1 young (1024K), 1 survivors (1024K)
 Metaspace       used 141970K, capacity 146433K, committed 146560K, reserved 1177600K
  class space    used 17570K, capacity 19203K, committed 19328K, reserved 1048576K
}
Event: 1108.579 GC heap before
{Heap before GC invocations=306 (full 0):
 garbage-first heap   total 402432K, used 343039K [0x0000000080000000, 0x0000000100000000)
  region size 1024K, 128 young (131072K), 1 survivors (1024K)
 Metaspace       used 141995K, capacity 146433K, committed 146560K, reserved 1177600K
  class space    used 17571K, capacity 19203K, committed 19328K, reserved 1048576K
}
Event: 1108.621 GC heap after
{Heap after GC invocations=307 (full 0):
 garbage-first heap   total 402432K, used 207359K [0x0000000080000000, 0x0000000100000000)
  region size 1024K, 8 young (8192K), 8 survivors (8192K)
 Metaspace       used 141995K, capacity 146433K, committed 146560K, reserved 1177600K
  class space    used 17571K, capacity 19203K, committed 19328K, reserved 1048576K
}
Event: 1116.230 GC heap before
{Heap before GC invocations=307 (full 0):
 garbage-first heap   total 402432K, used 314879K [0x0000000080000000, 0x0000000100000000)
  region size 1024K, 100 young (102400K), 8 survivors (8192K)
 Metaspace       used 145995K, capacity 150495K, committed 150656K, reserved 1179648K
  class space    used 18084K, capacity 19743K, committed 19840K, reserved 1048576K
}
Event: 1116.269 GC heap after
{Heap after GC invocations=308 (full 0):
 garbage-first heap   total 402432K, used 219647K [0x0000000080000000, 0x0000000100000000)
  region size 1024K, 10 young (10240K), 10 survivors (10240K)
 Metaspace       used 145995K, capacity 150495K, committed 150656K, reserved 1179648K
  class space    used 18084K, capacity 19743K, committed 19840K, reserved 1048576K
}
Event: 1946.540 GC heap before
{Heap before GC invocations=309 (full 0):
 garbage-first heap   total 402432K, used 325119K [0x0000000080000000, 0x0000000100000000)
  region size 1024K, 118 young (120832K), 10 survivors (10240K)
 Metaspace       used 146926K, capacity 151463K, committed 151808K, reserved 1181696K
  class space    used 18164K, capacity 19846K, committed 19968K, reserved 1048576K
}
Event: 2046.932 GC heap after
{Heap after GC invocations=310 (full 0):
 garbage-first heap   total 402432K, used 191999K [0x0000000080000000, 0x0000000100000000)
  region size 1024K, 8 young (8192K), 8 survivors (8192K)
 Metaspace       used 146926K, capacity 151463K, committed 151808K, reserved 1181696K
  class space    used 18164K, capacity 19846K, committed 19968K, reserved 1048576K
}
Event: 2285.902 GC heap before
{Heap before GC invocations=310 (full 0):
 garbage-first heap   total 402432K, used 203263K [0x0000000080000000, 0x0000000100000000)
  region size 1024K, 20 young (20480K), 8 survivors (8192K)
 Metaspace       used 147138K, capacity 151751K, committed 152064K, reserved 1181696K
  class space    used 18192K, capacity 19890K, committed 19968K, reserved 1048576K
}
Event: 2347.638 GC heap after
{Heap after GC invocations=311 (full 0):
 garbage-first heap   total 402432K, used 186103K [0x0000000080000000, 0x0000000100000000)
  region size 1024K, 1 young (1024K), 1 survivors (1024K)
 Metaspace       used 147138K, capacity 151751K, committed 152064K, reserved 1181696K
  class space    used 18192K, capacity 19890K, committed 19968K, reserved 1048576K
}

Deoptimization events (20 events):
Event: 2284.566 Thread 0x0000014b2bb1d800 Uncommon trap: trap_request=0xffffff4d fr.pc=0x0000014b3788f1ac relative=0x000000000000020c
Event: 2284.566 Thread 0x0000014b2bb1d800 Uncommon trap: reason=unstable_if action=reinterpret pc=0x0000014b3788f1ac method=java.io.PrintStream.ensureOpen()V @ 4 c2
Event: 2284.566 Thread 0x0000014b2bb1d800 DEOPT PACKING pc=0x0000014b3788f1ac sp=0x00000029807fe220
Event: 2284.566 Thread 0x0000014b2bb1d800 DEOPT UNPACKING pc=0x0000014b2f636ca9 sp=0x00000029807fe168 mode 2
Event: 2284.584 Thread 0x0000014b2bb1d800 Uncommon trap: trap_request=0xffffff4d fr.pc=0x0000014b37a762f0 relative=0x0000000000001210
Event: 2284.584 Thread 0x0000014b2bb1d800 Uncommon trap: reason=unstable_if action=reinterpret pc=0x0000014b37a762f0 method=java.io.PrintStream.ensureOpen()V @ 4 c2
Event: 2284.584 Thread 0x0000014b2bb1d800 DEOPT PACKING pc=0x0000014b37a762f0 sp=0x00000029807fe270
Event: 2284.753 Thread 0x0000014b2bb1d800 DEOPT UNPACKING pc=0x0000014b2f636ca9 sp=0x00000029807fe078 mode 2
Event: 2284.753 Thread 0x0000014b2bb1d800 Uncommon trap: trap_request=0xffffff4d fr.pc=0x0000014b37a78c6c relative=0x0000000000000e8c
Event: 2284.753 Thread 0x0000014b2bb1d800 Uncommon trap: reason=unstable_if action=reinterpret pc=0x0000014b37a78c6c method=java.io.PrintStream.ensureOpen()V @ 4 c2
Event: 2284.753 Thread 0x0000014b2bb1d800 DEOPT PACKING pc=0x0000014b37a78c6c sp=0x00000029807fe0b0
Event: 2284.898 Thread 0x0000014b2bb1d800 DEOPT UNPACKING pc=0x0000014b2f636ca9 sp=0x00000029807fdf28 mode 2
Event: 2349.784 Thread 0x0000014b4cbe5800 Uncommon trap: trap_request=0x00000017 fr.pc=0x0000014b37766b5c relative=0x00000000000000bc
Event: 2349.784 Thread 0x0000014b4cbe5800 Uncommon trap: reason=unloaded action=reinterpret pc=0x0000014b37766b5c method=com.esotericsoftware.kryo.io.Output.flush()V @ 28 c2
Event: 2349.784 Thread 0x0000014b4cbe5800 DEOPT PACKING pc=0x0000014b37766b5c sp=0x00000029822fd600
Event: 2349.784 Thread 0x0000014b4cbe5800 DEOPT UNPACKING pc=0x0000014b2f636ca9 sp=0x00000029822fd598 mode 2
Event: 2350.200 Thread 0x0000014b4cbe5800 Uncommon trap: trap_request=0xffffff4d fr.pc=0x0000014b37aa2458 relative=0x0000000000000098
Event: 2350.200 Thread 0x0000014b4cbe5800 Uncommon trap: reason=unstable_if action=reinterpret pc=0x0000014b37aa2458 method=org.gradle.launcher.daemon.server.exec.DaemonConnectionBackedEventConsumer$ForwardEvents.moreMessagesToSend()Z @ 4 c2
Event: 2350.200 Thread 0x0000014b4cbe5800 DEOPT PACKING pc=0x0000014b37aa2458 sp=0x00000029822ff290
Event: 2350.277 Thread 0x0000014b4cbe5800 DEOPT UNPACKING pc=0x0000014b2f636ca9 sp=0x00000029822ff230 mode 2

Classes redefined (0 events):
No events

Internal exceptions (20 events):
Event: 1160.562 Thread 0x0000014b4cbe7800 Exception <a 'sun/nio/fs/WindowsException'{0x00000000966e56a8}> (0x00000000966e56a8) thrown at [./src/hotspot/share/prims/jni.cpp, line 615]
Event: 1160.563 Thread 0x0000014b4cbe7800 Exception <a 'sun/nio/fs/WindowsException'{0x00000000966e67c0}> (0x00000000966e67c0) thrown at [./src/hotspot/share/prims/jni.cpp, line 615]
Event: 1160.845 Thread 0x0000014b4cbe7800 Exception <a 'sun/nio/fs/WindowsException'{0x00000000962e80f8}> (0x00000000962e80f8) thrown at [./src/hotspot/share/prims/jni.cpp, line 615]
Event: 1163.052 Thread 0x0000014b460b6800 Exception <a 'sun/nio/fs/WindowsException'{0x0000000094cc0e80}> (0x0000000094cc0e80) thrown at [./src/hotspot/share/prims/jni.cpp, line 615]
Event: 1759.412 Thread 0x0000014b4cbea800 Exception <a 'sun/nio/fs/WindowsException'{0x0000000092cccbe0}> (0x0000000092cccbe0) thrown at [./src/hotspot/share/prims/jni.cpp, line 615]
Event: 1806.411 Thread 0x0000014b4cbea800 Exception <a 'java/lang/NoClassDefFoundError'{0x0000000092879d80}: org/jetbrains/kotlin/gradle/plugin/KotlinBasePluginWrapper> (0x0000000092879d80) thrown at [./src/hotspot/share/oops/constantPool.cpp, line 775]
Event: 1819.009 Thread 0x0000014b4cbea800 Exception <a 'sun/nio/fs/WindowsException'{0x00000000927ee0a8}> (0x00000000927ee0a8) thrown at [./src/hotspot/share/prims/jni.cpp, line 615]
Event: 1835.304 Thread 0x0000014b4cbea800 Exception <a 'sun/nio/fs/WindowsException'{0x00000000926cd6a8}> (0x00000000926cd6a8) thrown at [./src/hotspot/share/prims/jni.cpp, line 615]
Event: 1835.643 Thread 0x0000014b4cbea800 Exception <a 'sun/nio/fs/WindowsException'{0x00000000926d8898}> (0x00000000926d8898) thrown at [./src/hotspot/share/prims/jni.cpp, line 615]
Event: 1835.643 Thread 0x0000014b4cbea800 Exception <a 'sun/nio/fs/WindowsException'{0x00000000926d99b0}> (0x00000000926d99b0) thrown at [./src/hotspot/share/prims/jni.cpp, line 615]
Event: 1835.648 Thread 0x0000014b4cbea800 Exception <a 'sun/nio/fs/WindowsException'{0x00000000926daac8}> (0x00000000926daac8) thrown at [./src/hotspot/share/prims/jni.cpp, line 615]
Event: 1864.906 Thread 0x0000014b4cbea800 Exception <a 'sun/nio/fs/WindowsException'{0x000000009175ef68}> (0x000000009175ef68) thrown at [./src/hotspot/share/prims/jni.cpp, line 615]
Event: 2102.943 Thread 0x0000014b4815e800 Exception <a 'java/io/IOException'{0x0000000097dba3b8}> (0x0000000097dba3b8) thrown at [./src/hotspot/share/prims/jni.cpp, line 615]
Event: 2121.261 Thread 0x0000014b460b6000 Exception <a 'java/lang/NoSuchMethodError'{0x0000000097c5e690}: <clinit>> (0x0000000097c5e690) thrown at [./src/hotspot/share/prims/jni.cpp, line 1362]
Event: 2190.700 Thread 0x0000014b460b6000 Exception <a 'java/lang/NoSuchMethodError'{0x0000000097c71b38}: <clinit>> (0x0000000097c71b38) thrown at [./src/hotspot/share/prims/jni.cpp, line 1362]
Event: 2253.130 Thread 0x0000014b4cbea800 Exception <a 'java/lang/NoSuchMethodError'{0x0000000097917f28}: <clinit>> (0x0000000097917f28) thrown at [./src/hotspot/share/prims/jni.cpp, line 1362]
Event: 2284.566 Thread 0x0000014b2bb1d800 Implicit null exception at 0x0000014b3788f01c to 0x0000014b3788f1a0
Event: 2348.242 Thread 0x0000014b4cbe5800 Exception <a 'java/lang/NoSuchMethodError'{0x0000000098660e88}: <clinit>> (0x0000000098660e88) thrown at [./src/hotspot/share/prims/jni.cpp, line 1362]
Event: 2349.784 Thread 0x0000014b4cbe5800 Exception <a 'java/lang/NoSuchMethodError'{0x0000000098505a88}: <clinit>> (0x0000000098505a88) thrown at [./src/hotspot/share/prims/jni.cpp, line 1362]
Event: 2356.272 Thread 0x0000014b2bb1d800 Exception <a 'java/lang/OutOfMemoryError'{0x000000009850e6e0}: unable to create native thread: possibly out of memory or process/resource limits reached> (0x000000009850e6e0) thrown at [./src/hotspot/share/prims/jvm.cpp, line 2924]

Events (20 events):
Event: 2348.238 Thread 0x0000014b460b6000 Thread exited: 0x0000014b460b6000
Event: 2348.239 loading class org/gradle/internal/buildevents/BuildExceptionReporter$1
Event: 2348.239 loading class org/gradle/internal/buildevents/BuildExceptionReporter$1 done
Event: 2348.241 Thread 0x0000014b469a0800 Thread exited: 0x0000014b469a0800
Event: 2350.100 loading class org/gradle/launcher/bootstrap/ProcessCompleter
Event: 2350.100 loading class org/gradle/launcher/bootstrap/ProcessCompleter done
Event: 2350.100 loading class org/gradle/tooling/events/internal/DefaultOperationFailureResult
Event: 2350.100 loading class org/gradle/tooling/events/internal/DefaultOperationFailureResult done
Event: 2350.277 Executing VM operation: RevokeBias
Event: 2350.736 Executing VM operation: RevokeBias done
Event: 2350.736 Thread 0x0000014b4cbe5800 Thread exited: 0x0000014b4cbe5800
Event: 2352.190 loading class org/gradle/tooling/internal/consumer/DefaultFailure
Event: 2352.190 loading class org/gradle/tooling/internal/consumer/DefaultFailure done
Event: 2352.937 Executing VM operation: RevokeBias
Event: 2353.072 Executing VM operation: RevokeBias done
Event: 2353.072 loading class org/gradle/internal/exceptions/ContextAwareException$1
Event: 2353.072 loading class org/gradle/internal/exceptions/ContextAwareException$1 done
Event: 2353.301 Thread 0x0000014b469a0800 Thread added: 0x0000014b469a0800
Event: 2354.046 loading class org/codehaus/groovy/runtime/StackTraceUtils
Event: 2354.046 loading class org/codehaus/groovy/runtime/StackTraceUtils done


Dynamic libraries:
0x00007ff656270000 - 0x00007ff65627a000 	C:\Program Files\Android\Android Studio\jre\bin\java.exe
0x00007fff72780000 - 0x00007fff72987000 	C:\WINDOWS\SYSTEM32\ntdll.dll
0x00007fff70f10000 - 0x00007fff70fcd000 	C:\WINDOWS\System32\KERNEL32.DLL
0x00007fff70170000 - 0x00007fff704e4000 	C:\WINDOWS\System32\KERNELBASE.dll
0x00007fff6ff60000 - 0x00007fff70071000 	C:\WINDOWS\System32\ucrtbase.dll
0x00007fff54c10000 - 0x00007fff54c29000 	C:\Program Files\Android\Android Studio\jre\bin\jli.dll
0x00007fff709b0000 - 0x00007fff70b5c000 	C:\WINDOWS\System32\USER32.dll
0x00007fff70080000 - 0x00007fff700a6000 	C:\WINDOWS\System32\win32u.dll
0x00007fff707e0000 - 0x00007fff70809000 	C:\WINDOWS\System32\GDI32.dll
0x00007fff704f0000 - 0x00007fff70602000 	C:\WINDOWS\System32\gdi32full.dll
0x00007fff6fc60000 - 0x00007fff6fcfd000 	C:\WINDOWS\System32\msvcp_win.dll
0x00007fff51c60000 - 0x00007fff51f05000 	C:\WINDOWS\WinSxS\amd64_microsoft.windows.common-controls_6595b64144ccf1df_6.0.22000.120_none_9d947278b86cc467\COMCTL32.dll
0x00007fff54b20000 - 0x00007fff54b37000 	C:\Program Files\Android\Android Studio\jre\bin\VCRUNTIME140.dll
0x00007fff70c50000 - 0x00007fff70cf3000 	C:\WINDOWS\System32\msvcrt.dll
0x00007fff70900000 - 0x00007fff70931000 	C:\WINDOWS\System32\IMM32.DLL
0x00007fff30c20000 - 0x00007fff30cbd000 	C:\Program Files\Android\Android Studio\jre\bin\msvcp140.dll
0x00007fff2d170000 - 0x00007fff2dc3f000 	C:\Program Files\Android\Android Studio\jre\bin\server\jvm.dll
0x00007fff71780000 - 0x00007fff7182c000 	C:\WINDOWS\System32\ADVAPI32.dll
0x00007fff72210000 - 0x00007fff722ad000 	C:\WINDOWS\System32\sechost.dll
0x00007fff71e60000 - 0x00007fff71f81000 	C:\WINDOWS\System32\RPCRT4.dll
0x00007fff70d00000 - 0x00007fff70d08000 	C:\WINDOWS\System32\PSAPI.DLL
0x00007fff6b760000 - 0x00007fff6b769000 	C:\WINDOWS\SYSTEM32\WSOCK32.dll
0x00007fff684b0000 - 0x00007fff684e3000 	C:\WINDOWS\SYSTEM32\WINMM.dll
0x00007fff70940000 - 0x00007fff709af000 	C:\WINDOWS\System32\WS2_32.dll
0x00007fff69730000 - 0x00007fff6973a000 	C:\WINDOWS\SYSTEM32\VERSION.dll
0x00007fff6ed80000 - 0x00007fff6ed98000 	C:\WINDOWS\SYSTEM32\kernel.appcore.dll
0x00007fff50ee0000 - 0x00007fff50ef1000 	C:\Program Files\Android\Android Studio\jre\bin\verify.dll
0x00007fff6d960000 - 0x00007fff6db81000 	C:\WINDOWS\SYSTEM32\DBGHELP.DLL
0x00007fff55c40000 - 0x00007fff55c71000 	C:\WINDOWS\SYSTEM32\dbgcore.DLL
0x00007fff6fee0000 - 0x00007fff6ff60000 	C:\WINDOWS\System32\bcryptPrimitives.dll
0x00007fff4e710000 - 0x00007fff4e739000 	C:\Program Files\Android\Android Studio\jre\bin\java.dll
0x00007fff5bca0000 - 0x00007fff5bcab000 	C:\Program Files\Android\Android Studio\jre\bin\jimage.dll
0x00007fff4eb90000 - 0x00007fff4eba8000 	C:\Program Files\Android\Android Studio\jre\bin\zip.dll
0x00007fff70fd0000 - 0x00007fff7177a000 	C:\WINDOWS\System32\SHELL32.dll
0x00007fff6dd00000 - 0x00007fff6e562000 	C:\WINDOWS\SYSTEM32\windows.storage.dll
0x00007fff723c0000 - 0x00007fff72738000 	C:\WINDOWS\System32\combase.dll
0x00007fff6db90000 - 0x00007fff6dcf6000 	C:\WINDOWS\SYSTEM32\wintypes.dll
0x00007fff722d0000 - 0x00007fff723ba000 	C:\WINDOWS\System32\SHCORE.dll
0x00007fff70d10000 - 0x00007fff70d6d000 	C:\WINDOWS\System32\shlwapi.dll
0x00007fff6fb90000 - 0x00007fff6fbb1000 	C:\WINDOWS\SYSTEM32\profapi.dll
0x00007fff4eb60000 - 0x00007fff4eb7a000 	C:\Program Files\Android\Android Studio\jre\bin\net.dll
0x00007fff6a8b0000 - 0x00007fff6a9bc000 	C:\WINDOWS\SYSTEM32\WINHTTP.dll
0x00007fff6f190000 - 0x00007fff6f1f7000 	C:\WINDOWS\system32\mswsock.dll
0x00007fff42540000 - 0x00007fff42554000 	C:\Program Files\Android\Android Studio\jre\bin\nio.dll
0x00007fff54b40000 - 0x00007fff54b67000 	C:\Users\hp\.gradle\native\8bec1ad78214c89d9ad589b4d07fe93259594b29d510b10fafb7a158f7737e5d\windows-amd64\native-platform.dll
0x00007fff2cea0000 - 0x00007fff2cfdd000 	C:\Users\hp\.gradle\native\53dbd7edfb1c66fb8903c78663c9afc45aea4f116125fa6feffd364cf09443e8\windows-amd64\native-platform-file-events.dll
0x00007fff5afc0000 - 0x00007fff5afca000 	C:\Program Files\Android\Android Studio\jre\bin\management.dll
0x00007fff54c00000 - 0x00007fff54c0c000 	C:\Program Files\Android\Android Studio\jre\bin\management_ext.dll
0x00007fff6f3d0000 - 0x00007fff6f3e8000 	C:\WINDOWS\SYSTEM32\CRYPTSP.dll
0x00007fff6ece0000 - 0x00007fff6ed15000 	C:\WINDOWS\system32\rsaenh.dll
0x00007fff6f280000 - 0x00007fff6f2a9000 	C:\WINDOWS\SYSTEM32\USERENV.dll
0x00007fff6f550000 - 0x00007fff6f577000 	C:\WINDOWS\SYSTEM32\bcrypt.dll
0x00007fff6f3f0000 - 0x00007fff6f3fc000 	C:\WINDOWS\SYSTEM32\CRYPTBASE.dll
0x00007fff6e900000 - 0x00007fff6e92d000 	C:\WINDOWS\SYSTEM32\IPHLPAPI.DLL
0x00007fff70d70000 - 0x00007fff70d79000 	C:\WINDOWS\System32\NSI.dll
0x00007fff6d390000 - 0x00007fff6d3a9000 	C:\WINDOWS\SYSTEM32\dhcpcsvc6.DLL
0x00007fff6d330000 - 0x00007fff6d34e000 	C:\WINDOWS\SYSTEM32\dhcpcsvc.DLL
0x00007fff6e930000 - 0x00007fff6ea17000 	C:\WINDOWS\SYSTEM32\DNSAPI.dll
0x00007fff42580000 - 0x00007fff425a7000 	C:\Program Files\Android\Android Studio\jre\bin\sunec.dll
0x00007fff63fe0000 - 0x00007fff63fea000 	C:\Windows\System32\rasadhlp.dll
0x00007fff6b930000 - 0x00007fff6b9b1000 	C:\WINDOWS\System32\fwpuclnt.dll
0x00007fff6d0c0000 - 0x00007fff6d0f4000 	C:\WINDOWS\SYSTEM32\ntmarta.dll

dbghelp: loaded successfully - version: 4.0.5 - missing functions: none
symbol engine: initialized successfully - sym options: 0x614 - pdb path: .;C:\Program Files\Android\Android Studio\jre\bin;C:\WINDOWS\SYSTEM32;C:\WINDOWS\WinSxS\amd64_microsoft.windows.common-controls_6595b64144ccf1df_6.0.22000.120_none_9d947278b86cc467;C:\Program Files\Android\Android Studio\jre\bin\server;C:\Users\hp\.gradle\native\8bec1ad78214c89d9ad589b4d07fe93259594b29d510b10fafb7a158f7737e5d\windows-amd64;C:\Users\hp\.gradle\native\53dbd7edfb1c66fb8903c78663c9afc45aea4f116125fa6feffd364cf09443e8\windows-amd64

VM Arguments:
jvm_args: --add-opens=java.base/java.util=ALL-UNNAMED --add-opens=java.base/java.lang=ALL-UNNAMED --add-opens=java.base/java.lang.invoke=ALL-UNNAMED --add-opens=java.base/java.util=ALL-UNNAMED --add-opens=java.prefs/java.util.prefs=ALL-UNNAMED --add-opens=java.prefs/java.util.prefs=ALL-UNNAMED --add-opens=java.base/java.nio.charset=ALL-UNNAMED --add-opens=java.base/java.net=ALL-UNNAMED --add-opens=java.base/java.util.concurrent.atomic=ALL-UNNAMED -Xmx2048m -Dfile.encoding=UTF-8 -Duser.country=US -Duser.language=en -Duser.variant 
java_command: org.gradle.launcher.daemon.bootstrap.GradleDaemon 7.0.2
java_class_path (initial): C:\Users\hp\.gradle\wrapper\dists\gradle-7.0.2-bin\857tjihv64xamwrf0h14cai3r\gradle-7.0.2\lib\gradle-launcher-7.0.2.jar
Launcher Type: SUN_STANDARD

[Global flags]
